2024-06-13 00:02:22.888 INFO  o.s.scheduling.concurrent.ThreadPoolTaskScheduler :218  [32m                  [0;39m Shutting down ExecutorService 'taskScheduler'
2024-06-13 00:02:22.889 INFO  o.s.scheduling.concurrent.ThreadPoolTaskExecutor  :218  [32m                  [0;39m Shutting down ExecutorService 'applicationTaskExecutor'
2024-06-13 00:02:22.889 INFO  com.zaxxer.hikari.HikariDataSource                :350  [32m                  [0;39m HikariPool-6 - Shutdown initiated...
2024-06-13 00:02:22.894 INFO  com.zaxxer.hikari.HikariDataSource                :352  [32m                  [0;39m HikariPool-6 - Shutdown completed.
2024-06-13 00:02:23.030 INFO  com.dream.nusblog.NusblogApplication              :55   [32m                  [0;39m Starting NusblogApplication using Java 11.0.4 on X99-480 with PID 6644 (E:\nusblog\target\classes started by Administrator in E:\nusblog)
2024-06-13 00:02:23.030 INFO  com.dream.nusblog.NusblogApplication              :660  [32m                  [0;39m No active profile set, falling back to default profiles: default
2024-06-13 00:02:23.289 INFO  o.s.boot.web.embedded.tomcat.TomcatWebServer      :108  [32m                  [0;39m Tomcat initialized with port(s): 8880 (http)
2024-06-13 00:02:23.289 INFO  org.apache.coyote.http11.Http11NioProtocol        :173  [32m                  [0;39m Initializing ProtocolHandler ["http-nio-8880"]
2024-06-13 00:02:23.289 INFO  org.apache.catalina.core.StandardService          :173  [32m                  [0;39m Starting service [Tomcat]
2024-06-13 00:02:23.289 INFO  org.apache.catalina.core.StandardEngine           :173  [32m                  [0;39m Starting Servlet engine: [Apache Tomcat/9.0.39]
2024-06-13 00:02:23.304 INFO  o.a.c.c.ContainerBase.[Tomcat-1].[localhost].[/]  :173  [32m                  [0;39m Initializing Spring embedded WebApplicationContext
2024-06-13 00:02:23.304 INFO  o.s.b.w.s.c.ServletWebServerApplicationContext    :289  [32m                  [0;39m Root WebApplicationContext: initialization completed in 271 ms
2024-06-13 00:02:23.544 INFO  o.s.scheduling.concurrent.ThreadPoolTaskExecutor  :181  [32m                  [0;39m Initializing ExecutorService 'applicationTaskExecutor'
2024-06-13 00:02:23.705 INFO  o.s.scheduling.concurrent.ThreadPoolTaskScheduler :181  [32m                  [0;39m Initializing ExecutorService 'taskScheduler'
2024-06-13 00:02:23.730 INFO  o.s.b.d.autoconfigure.OptionalLiveReloadServer    :58   [32m                  [0;39m LiveReload server is running on port 35729
2024-06-13 00:02:23.738 INFO  org.apache.coyote.http11.Http11NioProtocol        :173  [32m                  [0;39m Starting ProtocolHandler ["http-nio-8880"]
2024-06-13 00:02:23.740 INFO  o.s.boot.web.embedded.tomcat.TomcatWebServer      :220  [32m                  [0;39m Tomcat started on port(s): 8880 (http) with context path ''
2024-06-13 00:02:23.743 INFO  com.dream.nusblog.NusblogApplication              :61   [32m                  [0;39m Started NusblogApplication in 0.749 seconds (JVM running for 108226.419)
2024-06-13 00:02:23.744 INFO  o.s.b.d.a.ConditionEvaluationDeltaLoggingListener :63   [32m                  [0;39m Condition evaluation unchanged
2024-06-13 00:02:23.744 INFO  com.dream.nusblog.NusblogApplication              :28   [32m                  [0;39m 启动成功！！
2024-06-13 00:02:23.745 INFO  com.dream.nusblog.NusblogApplication              :29   [32m                  [0;39m 地址: 	http://127.0.0.1:8880
2024-06-13 00:02:25.296 INFO  o.s.scheduling.concurrent.ThreadPoolTaskScheduler :218  [32m                  [0;39m Shutting down ExecutorService 'taskScheduler'
2024-06-13 00:02:25.298 INFO  o.s.scheduling.concurrent.ThreadPoolTaskExecutor  :218  [32m                  [0;39m Shutting down ExecutorService 'applicationTaskExecutor'
2024-06-13 00:02:25.432 INFO  com.dream.nusblog.NusblogApplication              :55   [32m                  [0;39m Starting NusblogApplication using Java 11.0.4 on X99-480 with PID 6644 (E:\nusblog\target\classes started by Administrator in E:\nusblog)
2024-06-13 00:02:25.432 INFO  com.dream.nusblog.NusblogApplication              :660  [32m                  [0;39m No active profile set, falling back to default profiles: default
2024-06-13 00:02:25.689 INFO  o.s.boot.web.embedded.tomcat.TomcatWebServer      :108  [32m                  [0;39m Tomcat initialized with port(s): 8880 (http)
2024-06-13 00:02:25.689 INFO  org.apache.coyote.http11.Http11NioProtocol        :173  [32m                  [0;39m Initializing ProtocolHandler ["http-nio-8880"]
2024-06-13 00:02:25.689 INFO  org.apache.catalina.core.StandardService          :173  [32m                  [0;39m Starting service [Tomcat]
2024-06-13 00:02:25.689 INFO  org.apache.catalina.core.StandardEngine           :173  [32m                  [0;39m Starting Servlet engine: [Apache Tomcat/9.0.39]
2024-06-13 00:02:25.704 INFO  o.a.c.c.ContainerBase.[Tomcat-1].[localhost].[/]  :173  [32m                  [0;39m Initializing Spring embedded WebApplicationContext
2024-06-13 00:02:25.704 INFO  o.s.b.w.s.c.ServletWebServerApplicationContext    :289  [32m                  [0;39m Root WebApplicationContext: initialization completed in 269 ms
2024-06-13 00:02:25.926 INFO  o.s.scheduling.concurrent.ThreadPoolTaskExecutor  :181  [32m                  [0;39m Initializing ExecutorService 'applicationTaskExecutor'
2024-06-13 00:02:26.072 INFO  o.s.scheduling.concurrent.ThreadPoolTaskScheduler :181  [32m                  [0;39m Initializing ExecutorService 'taskScheduler'
2024-06-13 00:02:26.096 INFO  o.s.b.d.autoconfigure.OptionalLiveReloadServer    :58   [32m                  [0;39m LiveReload server is running on port 35729
2024-06-13 00:02:26.103 INFO  org.apache.coyote.http11.Http11NioProtocol        :173  [32m                  [0;39m Starting ProtocolHandler ["http-nio-8880"]
2024-06-13 00:02:26.105 INFO  o.s.boot.web.embedded.tomcat.TomcatWebServer      :220  [32m                  [0;39m Tomcat started on port(s): 8880 (http) with context path ''
2024-06-13 00:02:26.109 INFO  com.dream.nusblog.NusblogApplication              :61   [32m                  [0;39m Started NusblogApplication in 0.704 seconds (JVM running for 108228.785)
2024-06-13 00:02:26.110 INFO  o.s.b.d.a.ConditionEvaluationDeltaLoggingListener :63   [32m                  [0;39m Condition evaluation unchanged
2024-06-13 00:02:26.110 INFO  com.dream.nusblog.NusblogApplication              :28   [32m                  [0;39m 启动成功！！
2024-06-13 00:02:26.110 INFO  com.dream.nusblog.NusblogApplication              :29   [32m                  [0;39m 地址: 	http://127.0.0.1:8880
2024-06-13 00:03:26.554 INFO  o.s.scheduling.concurrent.ThreadPoolTaskScheduler :218  [32m                  [0;39m Shutting down ExecutorService 'taskScheduler'
2024-06-13 00:03:26.555 INFO  o.s.scheduling.concurrent.ThreadPoolTaskExecutor  :218  [32m                  [0;39m Shutting down ExecutorService 'applicationTaskExecutor'
2024-06-13 00:03:26.680 INFO  com.dream.nusblog.NusblogApplication              :55   [32m                  [0;39m Starting NusblogApplication using Java 11.0.4 on X99-480 with PID 6644 (E:\nusblog\target\classes started by Administrator in E:\nusblog)
2024-06-13 00:03:26.680 INFO  com.dream.nusblog.NusblogApplication              :660  [32m                  [0;39m No active profile set, falling back to default profiles: default
2024-06-13 00:03:26.925 INFO  o.s.boot.web.embedded.tomcat.TomcatWebServer      :108  [32m                  [0;39m Tomcat initialized with port(s): 8880 (http)
2024-06-13 00:03:26.926 INFO  org.apache.coyote.http11.Http11NioProtocol        :173  [32m                  [0;39m Initializing ProtocolHandler ["http-nio-8880"]
2024-06-13 00:03:26.926 INFO  org.apache.catalina.core.StandardService          :173  [32m                  [0;39m Starting service [Tomcat]
2024-06-13 00:03:26.926 INFO  org.apache.catalina.core.StandardEngine           :173  [32m                  [0;39m Starting Servlet engine: [Apache Tomcat/9.0.39]
2024-06-13 00:03:26.941 INFO  o.a.c.c.ContainerBase.[Tomcat-1].[localhost].[/]  :173  [32m                  [0;39m Initializing Spring embedded WebApplicationContext
2024-06-13 00:03:26.941 INFO  o.s.b.w.s.c.ServletWebServerApplicationContext    :289  [32m                  [0;39m Root WebApplicationContext: initialization completed in 259 ms
2024-06-13 00:03:27.162 INFO  o.s.scheduling.concurrent.ThreadPoolTaskExecutor  :181  [32m                  [0;39m Initializing ExecutorService 'applicationTaskExecutor'
2024-06-13 00:03:27.328 INFO  o.s.scheduling.concurrent.ThreadPoolTaskScheduler :181  [32m                  [0;39m Initializing ExecutorService 'taskScheduler'
2024-06-13 00:03:27.355 INFO  o.s.b.d.autoconfigure.OptionalLiveReloadServer    :58   [32m                  [0;39m LiveReload server is running on port 35729
2024-06-13 00:03:27.363 INFO  org.apache.coyote.http11.Http11NioProtocol        :173  [32m                  [0;39m Starting ProtocolHandler ["http-nio-8880"]
2024-06-13 00:03:27.365 INFO  o.s.boot.web.embedded.tomcat.TomcatWebServer      :220  [32m                  [0;39m Tomcat started on port(s): 8880 (http) with context path ''
2024-06-13 00:03:27.369 INFO  com.dream.nusblog.NusblogApplication              :61   [32m                  [0;39m Started NusblogApplication in 0.713 seconds (JVM running for 108290.045)
2024-06-13 00:03:27.370 INFO  o.s.b.d.a.ConditionEvaluationDeltaLoggingListener :63   [32m                  [0;39m Condition evaluation unchanged
2024-06-13 00:03:27.370 INFO  com.dream.nusblog.NusblogApplication              :28   [32m                  [0;39m 启动成功！！
2024-06-13 00:03:27.370 INFO  com.dream.nusblog.NusblogApplication              :29   [32m                  [0;39m 地址: 	http://127.0.0.1:8880
