2024-07-12 22:16:59,220 INFO notifyConnectTimeout:100

2024-07-12 22:16:59,223 INFO notifySocketTimeout:200

2024-07-12 22:16:59,223 INFO isHealthCheck:true

2024-07-12 22:16:59,223 INFO maxHealthCheckFailCount:12

2024-07-12 22:16:59,223 INFO maxContent:10485760

2024-07-12 22:26:06,156 INFO notifyConnectTimeout:100

2024-07-12 22:26:06,159 INFO notifySocketTimeout:200

2024-07-12 22:26:06,159 INFO isHealthCheck:true

2024-07-12 22:26:06,159 INFO maxHealthCheckFailCount:12

2024-07-12 22:26:06,159 INFO maxContent:10485760

2024-07-12 22:26:24,884 INFO notifyConnectTimeout:100

2024-07-12 22:26:24,887 INFO notifySocketTimeout:200

2024-07-12 22:26:24,887 INFO isHealthCheck:true

2024-07-12 22:26:24,887 INFO maxHealthCheckFailCount:12

2024-07-12 22:26:24,887 INFO maxContent:10485760

2024-07-12 22:26:31,048 WARN DumpService start

2024-07-12 22:26:31,049 INFO start clear all config-info.

2024-07-12 22:26:31,050 INFO clear all config-info success.

2024-07-12 22:26:31,050 INFO clear all config-info-tenant success.

2024-07-12 22:26:31,101 INFO All dump page size is set to 50 according to mem limit 512 MB

2024-07-12 22:26:31,101 INFO start dump all config-info...

2024-07-12 22:26:31,102 INFO success to  dump all config-info。

2024-07-12 22:26:31,102 INFO start clear all config-info-beta.

2024-07-12 22:26:31,102 INFO clear all config-info-beta success.

2024-07-12 22:26:31,102 INFO clear all config-info-beta-tenant success.

2024-07-12 22:26:31,121 INFO start clear all config-info-tag.

2024-07-12 22:26:31,121 INFO clear all config-info-tag success.

2024-07-12 22:26:31,121 INFO clear all config-info-tag-tenant success.

