2024-07-12 22:26:30,865 INFO [long-pulling] client count 0

2024-07-12 22:26:40,880 INFO [long-pulling] client count 0

2024-07-12 22:26:40,896 INFO toNotifyTaskSize = 0

2024-07-12 22:26:40,896 INFO toClientNotifyTaskSize = 0

2024-07-12 22:26:40,896 INFO groupCount = 0, subscriberClientCount = 0, subscriberCount = 0

2024-07-12 22:26:50,881 INFO [long-pulling] client count 0

2024-07-12 22:26:50,912 INFO toNotifyTaskSize = 0

2024-07-12 22:26:50,912 INFO groupCount = 0, subscriberClientCount = 0, subscriberCount = 0

2024-07-12 22:26:50,912 INFO toClientNotifyTaskSize = 0

2024-07-12 22:27:00,883 INFO [long-pulling] client count 0

2024-07-12 22:27:00,915 INFO groupCount = 0, subscriberClientCount = 0, subscriberCount = 0

2024-07-12 22:27:00,915 INFO toNotifyTaskSize = 0

2024-07-12 22:27:00,915 INFO toClientNotifyTaskSize = 0

2024-07-12 22:27:10,889 INFO [long-pulling] client count 0

2024-07-12 22:27:10,919 INFO groupCount = 0, subscriberClientCount = 0, subscriberCount = 0

2024-07-12 22:27:10,919 INFO toNotifyTaskSize = 0

2024-07-12 22:27:10,919 INFO toClientNotifyTaskSize = 0

2024-07-12 22:33:03,611 INFO [long-pulling] client count 0

2024-07-12 22:33:13,649 INFO [long-pulling] client count 0

2024-07-12 22:33:13,649 INFO toNotifyTaskSize = 0

2024-07-12 22:33:13,649 INFO toClientNotifyTaskSize = 0

2024-07-12 22:33:13,650 INFO groupCount = 0, subscriberClientCount = 0, subscriberCount = 0

2024-07-12 22:33:23,655 INFO toNotifyTaskSize = 0

2024-07-12 22:33:23,655 INFO [long-pulling] client count 0

2024-07-12 22:33:23,655 INFO toClientNotifyTaskSize = 0

2024-07-12 22:33:23,655 INFO groupCount = 0, subscriberClientCount = 0, subscriberCount = 0

2024-07-12 22:33:33,660 INFO [long-pulling] client count 0

2024-07-12 22:33:33,660 INFO groupCount = 0, subscriberClientCount = 0, subscriberCount = 0

2024-07-12 22:33:33,660 INFO toNotifyTaskSize = 0

2024-07-12 22:33:33,660 INFO toClientNotifyTaskSize = 0

2024-07-12 22:33:43,667 INFO [long-pulling] client count 0

2024-07-12 22:33:43,667 INFO toNotifyTaskSize = 0

2024-07-12 22:33:43,667 INFO groupCount = 0, subscriberClientCount = 0, subscriberCount = 0

2024-07-12 22:33:43,667 INFO toClientNotifyTaskSize = 0

2024-07-12 22:33:53,672 INFO [long-pulling] client count 0

2024-07-12 22:33:53,672 INFO groupCount = 0, subscriberClientCount = 0, subscriberCount = 0

2024-07-12 22:33:53,672 INFO toNotifyTaskSize = 0

2024-07-12 22:33:53,672 INFO toClientNotifyTaskSize = 0

2024-07-12 22:34:03,672 INFO [long-pulling] client count 0

2024-07-12 22:34:03,672 INFO groupCount = 0, subscriberClientCount = 0, subscriberCount = 0

2024-07-12 22:34:03,672 INFO toNotifyTaskSize = 0

2024-07-12 22:34:03,672 INFO toClientNotifyTaskSize = 0

2024-07-12 22:34:13,682 INFO [long-pulling] client count 0

2024-07-12 22:34:13,682 INFO toNotifyTaskSize = 0

2024-07-12 22:34:13,682 INFO groupCount = 0, subscriberClientCount = 0, subscriberCount = 0

2024-07-12 22:34:13,682 INFO toClientNotifyTaskSize = 0

2024-07-12 22:34:23,688 INFO [long-pulling] client count 0

2024-07-12 22:34:23,688 INFO toNotifyTaskSize = 0

2024-07-12 22:34:23,688 INFO groupCount = 0, subscriberClientCount = 0, subscriberCount = 0

2024-07-12 22:34:23,688 INFO toClientNotifyTaskSize = 0

2024-07-12 22:34:33,691 INFO groupCount = 0, subscriberClientCount = 0, subscriberCount = 0

2024-07-12 22:34:33,691 INFO toNotifyTaskSize = 0

2024-07-12 22:34:33,691 INFO [long-pulling] client count 0

2024-07-12 22:34:33,691 INFO toClientNotifyTaskSize = 0

2024-07-12 22:34:43,706 INFO [long-pulling] client count 0

2024-07-12 22:34:43,706 INFO toNotifyTaskSize = 0

2024-07-12 22:34:43,706 INFO groupCount = 0, subscriberClientCount = 0, subscriberCount = 0

2024-07-12 22:34:43,706 INFO toClientNotifyTaskSize = 0

2024-07-12 22:34:53,710 INFO [long-pulling] client count 0

2024-07-12 22:34:53,710 INFO toNotifyTaskSize = 0

2024-07-12 22:34:53,710 INFO toClientNotifyTaskSize = 0

2024-07-12 22:34:53,710 INFO groupCount = 0, subscriberClientCount = 0, subscriberCount = 0

2024-07-12 22:35:03,713 INFO [long-pulling] client count 0

2024-07-12 22:35:03,713 INFO groupCount = 0, subscriberClientCount = 0, subscriberCount = 0

2024-07-12 22:35:03,713 INFO toNotifyTaskSize = 0

2024-07-12 22:35:03,713 INFO toClientNotifyTaskSize = 0

2024-07-12 22:35:13,714 INFO [long-pulling] client count 0

2024-07-12 22:35:13,714 INFO toNotifyTaskSize = 0

2024-07-12 22:35:13,714 INFO toClientNotifyTaskSize = 0

2024-07-12 22:35:13,714 INFO groupCount = 0, subscriberClientCount = 0, subscriberCount = 0

2024-07-12 22:35:23,722 INFO [long-pulling] client count 0

2024-07-12 22:35:23,722 INFO groupCount = 0, subscriberClientCount = 0, subscriberCount = 0

2024-07-12 22:35:23,722 INFO toNotifyTaskSize = 0

2024-07-12 22:35:23,722 INFO toClientNotifyTaskSize = 0

2024-07-12 22:35:33,736 INFO [long-pulling] client count 0

2024-07-12 22:35:33,736 INFO toNotifyTaskSize = 0

2024-07-12 22:35:33,736 INFO toClientNotifyTaskSize = 0

2024-07-12 22:35:33,736 INFO groupCount = 0, subscriberClientCount = 0, subscriberCount = 0

2024-07-12 22:35:43,746 INFO [long-pulling] client count 0

2024-07-12 22:35:43,746 INFO groupCount = 0, subscriberClientCount = 0, subscriberCount = 0

2024-07-12 22:35:43,746 INFO toNotifyTaskSize = 0

2024-07-12 22:35:43,746 INFO toClientNotifyTaskSize = 0

2024-07-12 22:35:53,754 INFO groupCount = 0, subscriberClientCount = 0, subscriberCount = 0

2024-07-12 22:35:53,754 INFO toNotifyTaskSize = 0

2024-07-12 22:35:53,754 INFO [long-pulling] client count 0

2024-07-12 22:35:53,754 INFO toClientNotifyTaskSize = 0

2024-07-12 22:36:03,764 INFO [long-pulling] client count 0

2024-07-12 22:36:03,764 INFO groupCount = 0, subscriberClientCount = 0, subscriberCount = 0

2024-07-12 22:36:03,764 INFO toNotifyTaskSize = 0

2024-07-12 22:36:03,764 INFO toClientNotifyTaskSize = 0

2024-07-12 22:36:13,776 INFO [long-pulling] client count 0

2024-07-12 22:36:13,776 INFO toNotifyTaskSize = 0

2024-07-12 22:36:13,776 INFO toClientNotifyTaskSize = 0

2024-07-12 22:36:13,776 INFO groupCount = 0, subscriberClientCount = 0, subscriberCount = 0

2024-07-12 22:36:23,787 INFO toNotifyTaskSize = 0

2024-07-12 22:36:23,787 INFO groupCount = 0, subscriberClientCount = 0, subscriberCount = 0

2024-07-12 22:36:23,787 INFO [long-pulling] client count 0

2024-07-12 22:36:23,787 INFO toClientNotifyTaskSize = 0

2024-07-12 22:36:33,800 INFO [long-pulling] client count 0

2024-07-12 22:36:33,800 INFO toNotifyTaskSize = 0

2024-07-12 22:36:33,800 INFO groupCount = 0, subscriberClientCount = 0, subscriberCount = 0

2024-07-12 22:36:33,800 INFO toClientNotifyTaskSize = 0

2024-07-12 22:36:43,814 INFO [long-pulling] client count 0

2024-07-12 22:36:43,814 INFO toNotifyTaskSize = 0

2024-07-12 22:36:43,814 INFO groupCount = 0, subscriberClientCount = 0, subscriberCount = 0

2024-07-12 22:36:43,814 INFO toClientNotifyTaskSize = 0

2024-07-12 22:36:53,826 INFO [long-pulling] client count 0

2024-07-12 22:36:53,826 INFO toNotifyTaskSize = 0

2024-07-12 22:36:53,826 INFO groupCount = 0, subscriberClientCount = 0, subscriberCount = 0

2024-07-12 22:36:53,826 INFO toClientNotifyTaskSize = 0

2024-07-12 22:37:03,836 INFO [long-pulling] client count 0

2024-07-12 22:37:03,836 INFO groupCount = 0, subscriberClientCount = 0, subscriberCount = 0

2024-07-12 22:37:03,836 INFO toNotifyTaskSize = 0

2024-07-12 22:37:03,836 INFO toClientNotifyTaskSize = 0

2024-07-12 22:37:13,843 INFO groupCount = 0, subscriberClientCount = 0, subscriberCount = 0

2024-07-12 22:37:13,843 INFO toNotifyTaskSize = 0

2024-07-12 22:37:13,843 INFO toClientNotifyTaskSize = 0

2024-07-12 22:37:13,843 INFO [long-pulling] client count 0

2024-07-12 22:37:23,857 INFO groupCount = 0, subscriberClientCount = 0, subscriberCount = 0

2024-07-12 22:37:23,857 INFO [long-pulling] client count 0

2024-07-12 22:37:23,857 INFO toNotifyTaskSize = 0

2024-07-12 22:37:23,857 INFO toClientNotifyTaskSize = 0

2024-07-12 22:37:33,867 INFO [long-pulling] client count 0

2024-07-12 22:37:33,867 INFO groupCount = 0, subscriberClientCount = 0, subscriberCount = 0

2024-07-12 22:37:33,867 INFO toNotifyTaskSize = 0

2024-07-12 22:37:33,867 INFO toClientNotifyTaskSize = 0

2024-07-12 22:37:43,881 INFO [long-pulling] client count 0

2024-07-12 22:37:43,881 INFO toNotifyTaskSize = 0

2024-07-12 22:37:43,881 INFO toClientNotifyTaskSize = 0

2024-07-12 22:37:43,881 INFO groupCount = 0, subscriberClientCount = 0, subscriberCount = 0

2024-07-12 22:37:53,887 INFO [long-pulling] client count 0

2024-07-12 22:37:53,887 INFO toNotifyTaskSize = 0

2024-07-12 22:37:53,887 INFO groupCount = 0, subscriberClientCount = 0, subscriberCount = 0

2024-07-12 22:37:53,887 INFO toClientNotifyTaskSize = 0

2024-07-12 22:38:03,888 INFO [long-pulling] client count 0

2024-07-12 22:38:03,888 INFO toNotifyTaskSize = 0

2024-07-12 22:38:03,888 INFO groupCount = 0, subscriberClientCount = 0, subscriberCount = 0

2024-07-12 22:38:03,888 INFO toClientNotifyTaskSize = 0

2024-07-12 22:38:13,896 INFO groupCount = 0, subscriberClientCount = 0, subscriberCount = 0

2024-07-12 22:38:13,896 INFO toNotifyTaskSize = 0

2024-07-12 22:38:13,896 INFO [long-pulling] client count 0

2024-07-12 22:38:13,896 INFO toClientNotifyTaskSize = 0

2024-07-12 22:38:23,909 INFO groupCount = 0, subscriberClientCount = 0, subscriberCount = 0

2024-07-12 22:38:23,909 INFO [long-pulling] client count 0

2024-07-12 22:38:23,909 INFO toNotifyTaskSize = 0

2024-07-12 22:38:23,909 INFO toClientNotifyTaskSize = 0

2024-07-12 22:38:33,921 INFO groupCount = 0, subscriberClientCount = 0, subscriberCount = 0

2024-07-12 22:38:33,921 INFO [long-pulling] client count 0

2024-07-12 22:38:33,921 INFO toNotifyTaskSize = 0

2024-07-12 22:38:33,921 INFO toClientNotifyTaskSize = 0

2024-07-12 22:38:43,927 INFO toNotifyTaskSize = 0

2024-07-12 22:38:43,927 INFO [long-pulling] client count 0

2024-07-12 22:38:43,927 INFO groupCount = 0, subscriberClientCount = 0, subscriberCount = 0

2024-07-12 22:38:43,927 INFO toClientNotifyTaskSize = 0

2024-07-12 22:38:53,932 INFO groupCount = 0, subscriberClientCount = 0, subscriberCount = 0

2024-07-12 22:38:53,932 INFO [long-pulling] client count 0

2024-07-12 22:38:53,932 INFO toNotifyTaskSize = 0

2024-07-12 22:38:53,932 INFO toClientNotifyTaskSize = 0

2024-07-12 22:39:03,943 INFO [long-pulling] client count 0

2024-07-12 22:39:03,943 INFO toNotifyTaskSize = 0

2024-07-12 22:39:03,943 INFO groupCount = 0, subscriberClientCount = 0, subscriberCount = 0

2024-07-12 22:39:03,943 INFO toClientNotifyTaskSize = 0

2024-07-12 22:39:13,946 INFO [long-pulling] client count 0

2024-07-12 22:39:13,946 INFO toNotifyTaskSize = 0

2024-07-12 22:39:13,946 INFO groupCount = 0, subscriberClientCount = 0, subscriberCount = 0

2024-07-12 22:39:13,946 INFO toClientNotifyTaskSize = 0

2024-07-12 22:39:23,946 INFO toNotifyTaskSize = 0

2024-07-12 22:39:23,946 INFO [long-pulling] client count 0

2024-07-12 22:39:23,946 INFO groupCount = 0, subscriberClientCount = 0, subscriberCount = 0

2024-07-12 22:39:23,946 INFO toClientNotifyTaskSize = 0

2024-07-12 22:39:33,952 INFO [long-pulling] client count 0

2024-07-12 22:39:33,952 INFO toNotifyTaskSize = 0

2024-07-12 22:39:33,952 INFO groupCount = 0, subscriberClientCount = 0, subscriberCount = 0

2024-07-12 22:39:33,952 INFO toClientNotifyTaskSize = 0

2024-07-12 22:39:43,959 INFO [long-pulling] client count 0

2024-07-12 22:39:43,959 INFO toNotifyTaskSize = 0

2024-07-12 22:39:43,959 INFO toClientNotifyTaskSize = 0

2024-07-12 22:39:43,959 INFO groupCount = 0, subscriberClientCount = 0, subscriberCount = 0

2024-07-12 22:39:53,975 INFO [long-pulling] client count 0

2024-07-12 22:39:53,975 INFO groupCount = 0, subscriberClientCount = 0, subscriberCount = 0

2024-07-12 22:39:53,975 INFO toNotifyTaskSize = 0

2024-07-12 22:39:53,975 INFO toClientNotifyTaskSize = 0

2024-07-12 22:40:03,981 INFO [long-pulling] client count 0

2024-07-12 22:40:03,981 INFO groupCount = 0, subscriberClientCount = 0, subscriberCount = 0

2024-07-12 22:40:03,981 INFO toNotifyTaskSize = 0

2024-07-12 22:40:03,981 INFO toClientNotifyTaskSize = 0

2024-07-12 22:40:13,988 INFO [long-pulling] client count 0

2024-07-12 22:40:13,988 INFO groupCount = 0, subscriberClientCount = 0, subscriberCount = 0

2024-07-12 22:40:13,988 INFO toNotifyTaskSize = 0

2024-07-12 22:40:13,988 INFO toClientNotifyTaskSize = 0

2024-07-12 22:40:23,995 INFO [long-pulling] client count 0

2024-07-12 22:40:23,995 INFO toNotifyTaskSize = 0

2024-07-12 22:40:23,995 INFO toClientNotifyTaskSize = 0

2024-07-12 22:40:23,995 INFO groupCount = 0, subscriberClientCount = 0, subscriberCount = 0

2024-07-12 22:40:34,009 INFO [long-pulling] client count 0

2024-07-12 22:40:34,009 INFO groupCount = 0, subscriberClientCount = 0, subscriberCount = 0

2024-07-12 22:40:34,009 INFO toNotifyTaskSize = 0

2024-07-12 22:40:34,009 INFO toClientNotifyTaskSize = 0

2024-07-12 22:40:44,014 INFO groupCount = 0, subscriberClientCount = 0, subscriberCount = 0

2024-07-12 22:40:44,014 INFO toNotifyTaskSize = 0

2024-07-12 22:40:44,014 INFO [long-pulling] client count 0

2024-07-12 22:40:44,014 INFO toClientNotifyTaskSize = 0

2024-07-12 22:40:54,027 INFO [long-pulling] client count 0

2024-07-12 22:40:54,027 INFO groupCount = 0, subscriberClientCount = 0, subscriberCount = 0

2024-07-12 22:40:54,027 INFO toNotifyTaskSize = 0

2024-07-12 22:40:54,027 INFO toClientNotifyTaskSize = 0

2024-07-12 22:41:04,033 INFO groupCount = 0, subscriberClientCount = 0, subscriberCount = 0

2024-07-12 22:41:04,033 INFO toNotifyTaskSize = 0

2024-07-12 22:41:04,033 INFO toClientNotifyTaskSize = 0

2024-07-12 22:41:04,033 INFO [long-pulling] client count 0

2024-07-12 22:41:14,041 INFO [long-pulling] client count 0

2024-07-12 22:41:14,041 INFO groupCount = 0, subscriberClientCount = 0, subscriberCount = 0

2024-07-12 22:41:14,041 INFO toNotifyTaskSize = 0

2024-07-12 22:41:14,041 INFO toClientNotifyTaskSize = 0

2024-07-12 22:41:24,049 INFO [long-pulling] client count 0

2024-07-12 22:41:24,049 INFO groupCount = 0, subscriberClientCount = 0, subscriberCount = 0

2024-07-12 22:41:24,049 INFO toNotifyTaskSize = 0

2024-07-12 22:41:24,049 INFO toClientNotifyTaskSize = 0

2024-07-12 22:41:34,055 INFO [long-pulling] client count 0

2024-07-12 22:41:34,055 INFO groupCount = 0, subscriberClientCount = 0, subscriberCount = 0

2024-07-12 22:41:34,055 INFO toNotifyTaskSize = 0

2024-07-12 22:41:34,055 INFO toClientNotifyTaskSize = 0

2024-07-12 22:41:44,069 INFO toNotifyTaskSize = 0

2024-07-12 22:41:44,069 INFO groupCount = 0, subscriberClientCount = 0, subscriberCount = 0

2024-07-12 22:41:44,069 INFO toClientNotifyTaskSize = 0

2024-07-12 22:41:44,069 INFO [long-pulling] client count 0

2024-07-12 22:41:54,077 INFO [long-pulling] client count 0

2024-07-12 22:41:54,077 INFO toNotifyTaskSize = 0

2024-07-12 22:41:54,077 INFO groupCount = 0, subscriberClientCount = 0, subscriberCount = 0

2024-07-12 22:41:54,077 INFO toClientNotifyTaskSize = 0

2024-07-12 22:42:04,079 INFO [long-pulling] client count 0

2024-07-12 22:42:04,079 INFO groupCount = 0, subscriberClientCount = 0, subscriberCount = 0

2024-07-12 22:42:04,079 INFO toNotifyTaskSize = 0

2024-07-12 22:42:04,079 INFO toClientNotifyTaskSize = 0

2024-07-12 22:42:14,090 INFO [long-pulling] client count 0

2024-07-12 22:42:14,090 INFO toNotifyTaskSize = 0

2024-07-12 22:42:14,090 INFO groupCount = 0, subscriberClientCount = 0, subscriberCount = 0

2024-07-12 22:42:14,090 INFO toClientNotifyTaskSize = 0

2024-07-12 22:42:24,103 INFO [long-pulling] client count 0

2024-07-12 22:42:24,103 INFO groupCount = 0, subscriberClientCount = 0, subscriberCount = 0

2024-07-12 22:42:24,103 INFO toNotifyTaskSize = 0

2024-07-12 22:42:24,103 INFO toClientNotifyTaskSize = 0

2024-07-12 22:42:34,112 INFO groupCount = 0, subscriberClientCount = 0, subscriberCount = 0

2024-07-12 22:42:34,112 INFO toNotifyTaskSize = 0

2024-07-12 22:42:34,112 INFO [long-pulling] client count 0

2024-07-12 22:42:34,112 INFO toClientNotifyTaskSize = 0

2024-07-12 22:42:44,123 INFO groupCount = 0, subscriberClientCount = 0, subscriberCount = 0

2024-07-12 22:42:44,123 INFO [long-pulling] client count 0

2024-07-12 22:42:44,123 INFO toNotifyTaskSize = 0

2024-07-12 22:42:44,123 INFO toClientNotifyTaskSize = 0

2024-07-12 22:42:54,125 INFO groupCount = 0, subscriberClientCount = 0, subscriberCount = 0

2024-07-12 22:42:54,125 INFO toNotifyTaskSize = 0

2024-07-12 22:42:54,125 INFO [long-pulling] client count 0

2024-07-12 22:42:54,125 INFO toClientNotifyTaskSize = 0

2024-07-12 22:43:04,139 INFO [long-pulling] client count 0

2024-07-12 22:43:04,139 INFO toNotifyTaskSize = 0

2024-07-12 22:43:04,139 INFO groupCount = 0, subscriberClientCount = 0, subscriberCount = 0

2024-07-12 22:43:04,139 INFO toClientNotifyTaskSize = 0

2024-07-12 22:43:14,140 INFO [long-pulling] client count 0

2024-07-12 22:43:14,140 INFO toNotifyTaskSize = 0

2024-07-12 22:43:14,140 INFO groupCount = 0, subscriberClientCount = 0, subscriberCount = 0

2024-07-12 22:43:14,140 INFO toClientNotifyTaskSize = 0

2024-07-12 22:43:24,150 INFO [long-pulling] client count 0

2024-07-12 22:43:24,150 INFO toNotifyTaskSize = 0

2024-07-12 22:43:24,150 INFO toClientNotifyTaskSize = 0

2024-07-12 22:43:24,150 INFO groupCount = 0, subscriberClientCount = 0, subscriberCount = 0

2024-07-12 22:43:34,152 INFO [long-pulling] client count 0

2024-07-12 22:43:34,152 INFO groupCount = 0, subscriberClientCount = 0, subscriberCount = 0

2024-07-12 22:43:34,152 INFO toNotifyTaskSize = 0

2024-07-12 22:43:34,152 INFO toClientNotifyTaskSize = 0

2024-07-12 22:43:44,163 INFO [long-pulling] client count 0

2024-07-12 22:43:44,163 INFO toNotifyTaskSize = 0

2024-07-12 22:43:44,163 INFO toClientNotifyTaskSize = 0

2024-07-12 22:43:44,163 INFO groupCount = 0, subscriberClientCount = 0, subscriberCount = 0

2024-07-12 22:43:54,170 INFO toNotifyTaskSize = 0

2024-07-12 22:43:54,170 INFO groupCount = 0, subscriberClientCount = 0, subscriberCount = 0

2024-07-12 22:43:54,170 INFO [long-pulling] client count 0

2024-07-12 22:43:54,170 INFO toClientNotifyTaskSize = 0

2024-07-12 22:44:04,182 INFO [long-pulling] client count 0

2024-07-12 22:44:04,182 INFO groupCount = 1, subscriberClientCount = 0, subscriberCount = 0

2024-07-12 22:44:04,182 INFO toNotifyTaskSize = 0

2024-07-12 22:44:04,182 INFO toClientNotifyTaskSize = 0

2024-07-12 22:44:14,187 INFO [long-pulling] client count 0

2024-07-12 22:44:14,187 INFO toNotifyTaskSize = 0

2024-07-12 22:44:14,187 INFO toClientNotifyTaskSize = 0

2024-07-12 22:44:14,187 INFO groupCount = 1, subscriberClientCount = 0, subscriberCount = 0

2024-07-12 22:44:24,196 INFO [long-pulling] client count 0

2024-07-12 22:44:24,196 INFO groupCount = 1, subscriberClientCount = 0, subscriberCount = 0

2024-07-12 22:44:24,196 INFO toNotifyTaskSize = 0

2024-07-12 22:44:24,196 INFO toClientNotifyTaskSize = 0

2024-07-12 22:44:34,203 INFO [long-pulling] client count 0

2024-07-12 22:44:34,203 INFO toNotifyTaskSize = 0

2024-07-12 22:44:34,203 INFO groupCount = 1, subscriberClientCount = 0, subscriberCount = 0

2024-07-12 22:44:34,203 INFO toClientNotifyTaskSize = 0

2024-07-12 22:44:44,216 INFO [long-pulling] client count 0

2024-07-12 22:44:44,216 INFO toNotifyTaskSize = 0

2024-07-12 22:44:44,216 INFO groupCount = 1, subscriberClientCount = 0, subscriberCount = 0

2024-07-12 22:44:44,216 INFO toClientNotifyTaskSize = 0

2024-07-12 22:44:54,216 INFO [long-pulling] client count 0

2024-07-12 22:44:54,216 INFO toNotifyTaskSize = 0

2024-07-12 22:44:54,216 INFO groupCount = 1, subscriberClientCount = 0, subscriberCount = 0

2024-07-12 22:44:54,216 INFO toClientNotifyTaskSize = 0

2024-07-12 22:45:04,230 INFO groupCount = 1, subscriberClientCount = 0, subscriberCount = 0

2024-07-12 22:45:04,230 INFO [long-pulling] client count 0

2024-07-12 22:45:04,230 INFO toNotifyTaskSize = 0

2024-07-12 22:45:04,230 INFO toClientNotifyTaskSize = 0

2024-07-12 22:45:14,239 INFO [long-pulling] client count 0

2024-07-12 22:45:14,239 INFO groupCount = 1, subscriberClientCount = 0, subscriberCount = 0

2024-07-12 22:45:14,239 INFO toNotifyTaskSize = 0

2024-07-12 22:45:14,239 INFO toClientNotifyTaskSize = 0

2024-07-12 22:45:24,253 INFO [long-pulling] client count 0

2024-07-12 22:45:24,253 INFO toNotifyTaskSize = 0

2024-07-12 22:45:24,253 INFO groupCount = 1, subscriberClientCount = 0, subscriberCount = 0

2024-07-12 22:45:24,253 INFO toClientNotifyTaskSize = 0

2024-07-12 22:45:34,265 INFO groupCount = 1, subscriberClientCount = 0, subscriberCount = 0

2024-07-12 22:45:34,265 INFO [long-pulling] client count 0

2024-07-12 22:45:34,265 INFO toNotifyTaskSize = 0

2024-07-12 22:45:34,265 INFO toClientNotifyTaskSize = 0

2024-07-12 22:45:44,279 INFO [long-pulling] client count 0

2024-07-12 22:45:44,279 INFO toNotifyTaskSize = 0

2024-07-12 22:45:44,279 INFO groupCount = 1, subscriberClientCount = 0, subscriberCount = 0

2024-07-12 22:45:44,279 INFO toClientNotifyTaskSize = 0

2024-07-12 22:45:54,295 INFO [long-pulling] client count 0

2024-07-12 22:45:54,295 INFO groupCount = 1, subscriberClientCount = 0, subscriberCount = 0

2024-07-12 22:45:54,295 INFO toNotifyTaskSize = 0

2024-07-12 22:45:54,295 INFO toClientNotifyTaskSize = 0

2024-07-12 22:46:04,308 INFO [long-pulling] client count 0

2024-07-12 22:46:04,308 INFO toNotifyTaskSize = 0

2024-07-12 22:46:04,308 INFO groupCount = 1, subscriberClientCount = 0, subscriberCount = 0

2024-07-12 22:46:04,308 INFO toClientNotifyTaskSize = 0

2024-07-12 22:46:14,312 INFO [long-pulling] client count 0

2024-07-12 22:46:14,312 INFO toNotifyTaskSize = 0

2024-07-12 22:46:14,312 INFO toClientNotifyTaskSize = 0

2024-07-12 22:46:14,312 INFO groupCount = 1, subscriberClientCount = 0, subscriberCount = 0

2024-07-12 22:46:24,325 INFO [long-pulling] client count 0

2024-07-12 22:46:24,325 INFO groupCount = 1, subscriberClientCount = 0, subscriberCount = 0

2024-07-12 22:46:24,325 INFO toNotifyTaskSize = 0

2024-07-12 22:46:24,325 INFO toClientNotifyTaskSize = 0

2024-07-12 22:46:34,330 INFO [long-pulling] client count 0

2024-07-12 22:46:34,330 INFO toNotifyTaskSize = 0

2024-07-12 22:46:34,330 INFO groupCount = 1, subscriberClientCount = 0, subscriberCount = 0

2024-07-12 22:46:34,330 INFO toClientNotifyTaskSize = 0

2024-07-12 22:46:44,339 INFO [long-pulling] client count 0

2024-07-12 22:46:44,339 INFO toNotifyTaskSize = 0

2024-07-12 22:46:44,339 INFO groupCount = 1, subscriberClientCount = 0, subscriberCount = 0

2024-07-12 22:46:44,339 INFO toClientNotifyTaskSize = 0

2024-07-12 22:46:54,340 INFO [long-pulling] client count 0

2024-07-12 22:46:54,340 INFO toNotifyTaskSize = 0

2024-07-12 22:46:54,340 INFO groupCount = 1, subscriberClientCount = 0, subscriberCount = 0

2024-07-12 22:46:54,340 INFO toClientNotifyTaskSize = 0

2024-07-12 22:47:04,355 INFO [long-pulling] client count 0

2024-07-12 22:47:04,355 INFO groupCount = 1, subscriberClientCount = 0, subscriberCount = 0

2024-07-12 22:47:04,355 INFO toNotifyTaskSize = 0

2024-07-12 22:47:04,355 INFO toClientNotifyTaskSize = 0

2024-07-12 22:47:14,369 INFO groupCount = 1, subscriberClientCount = 0, subscriberCount = 0

2024-07-12 22:47:14,369 INFO toNotifyTaskSize = 0

2024-07-12 22:47:14,369 INFO [long-pulling] client count 0

2024-07-12 22:47:14,369 INFO toClientNotifyTaskSize = 0

2024-07-12 22:47:24,382 INFO [long-pulling] client count 0

2024-07-12 22:47:24,382 INFO toNotifyTaskSize = 0

2024-07-12 22:47:24,382 INFO toClientNotifyTaskSize = 0

2024-07-12 22:47:24,382 INFO groupCount = 1, subscriberClientCount = 0, subscriberCount = 0

2024-07-12 22:47:34,391 INFO [long-pulling] client count 0

2024-07-12 22:47:34,391 INFO toNotifyTaskSize = 0

2024-07-12 22:47:34,391 INFO groupCount = 1, subscriberClientCount = 0, subscriberCount = 0

2024-07-12 22:47:34,391 INFO toClientNotifyTaskSize = 0

2024-07-12 22:47:44,397 INFO [long-pulling] client count 0

2024-07-12 22:47:44,397 INFO groupCount = 1, subscriberClientCount = 0, subscriberCount = 0

2024-07-12 22:47:44,397 INFO toNotifyTaskSize = 0

2024-07-12 22:47:44,397 INFO toClientNotifyTaskSize = 0

2024-07-12 22:47:54,399 INFO [long-pulling] client count 0

2024-07-12 22:47:54,399 INFO toNotifyTaskSize = 0

2024-07-12 22:47:54,399 INFO groupCount = 1, subscriberClientCount = 0, subscriberCount = 0

2024-07-12 22:47:54,399 INFO toClientNotifyTaskSize = 0

2024-07-12 22:48:04,402 INFO [long-pulling] client count 0

2024-07-12 22:48:04,402 INFO groupCount = 1, subscriberClientCount = 0, subscriberCount = 0

2024-07-12 22:48:04,402 INFO toNotifyTaskSize = 0

2024-07-12 22:48:04,402 INFO toClientNotifyTaskSize = 0

2024-07-12 22:48:14,410 INFO groupCount = 1, subscriberClientCount = 0, subscriberCount = 0

2024-07-12 22:48:14,410 INFO toNotifyTaskSize = 0

2024-07-12 22:48:14,410 INFO [long-pulling] client count 0

2024-07-12 22:48:14,410 INFO toClientNotifyTaskSize = 0

2024-07-12 22:48:24,422 INFO [long-pulling] client count 0

2024-07-12 22:48:24,422 INFO toNotifyTaskSize = 0

2024-07-12 22:48:24,422 INFO toClientNotifyTaskSize = 0

2024-07-12 22:48:24,422 INFO groupCount = 1, subscriberClientCount = 0, subscriberCount = 0

2024-07-12 22:48:34,437 INFO toNotifyTaskSize = 0

2024-07-12 22:48:34,437 INFO groupCount = 1, subscriberClientCount = 0, subscriberCount = 0

2024-07-12 22:48:34,437 INFO [long-pulling] client count 0

2024-07-12 22:48:34,437 INFO toClientNotifyTaskSize = 0

2024-07-12 22:48:44,437 INFO [long-pulling] client count 0

2024-07-12 22:48:44,437 INFO groupCount = 1, subscriberClientCount = 0, subscriberCount = 0

2024-07-12 22:48:44,437 INFO toNotifyTaskSize = 0

2024-07-12 22:48:44,437 INFO toClientNotifyTaskSize = 0

2024-07-12 22:48:54,451 INFO groupCount = 1, subscriberClientCount = 0, subscriberCount = 0

2024-07-12 22:48:54,451 INFO toNotifyTaskSize = 0

2024-07-12 22:48:54,451 INFO [long-pulling] client count 0

2024-07-12 22:48:54,451 INFO toClientNotifyTaskSize = 0

2024-07-12 22:49:04,453 INFO [long-pulling] client count 0

2024-07-12 22:49:04,453 INFO groupCount = 1, subscriberClientCount = 0, subscriberCount = 0

2024-07-12 22:49:04,453 INFO toNotifyTaskSize = 0

2024-07-12 22:49:04,453 INFO toClientNotifyTaskSize = 0

2024-07-12 22:49:14,468 INFO [long-pulling] client count 0

2024-07-12 22:49:14,468 INFO toNotifyTaskSize = 0

2024-07-12 22:49:14,468 INFO groupCount = 1, subscriberClientCount = 0, subscriberCount = 0

2024-07-12 22:49:14,468 INFO toClientNotifyTaskSize = 0

2024-07-12 22:49:24,475 INFO [long-pulling] client count 0

2024-07-12 22:49:24,475 INFO toNotifyTaskSize = 0

2024-07-12 22:49:24,475 INFO groupCount = 1, subscriberClientCount = 0, subscriberCount = 0

2024-07-12 22:49:24,475 INFO toClientNotifyTaskSize = 0

2024-07-12 22:49:34,481 INFO [long-pulling] client count 0

2024-07-12 22:49:34,481 INFO toNotifyTaskSize = 0

2024-07-12 22:49:34,481 INFO groupCount = 1, subscriberClientCount = 0, subscriberCount = 0

2024-07-12 22:49:34,481 INFO toClientNotifyTaskSize = 0

2024-07-12 22:49:44,495 INFO [long-pulling] client count 0

2024-07-12 22:49:44,495 INFO toNotifyTaskSize = 0

2024-07-12 22:49:44,495 INFO groupCount = 1, subscriberClientCount = 0, subscriberCount = 0

2024-07-12 22:49:44,495 INFO toClientNotifyTaskSize = 0

2024-07-12 22:49:54,508 INFO groupCount = 1, subscriberClientCount = 0, subscriberCount = 0

2024-07-12 22:49:54,508 INFO toNotifyTaskSize = 0

2024-07-12 22:49:54,508 INFO [long-pulling] client count 0

2024-07-12 22:49:54,508 INFO toClientNotifyTaskSize = 0

2024-07-12 22:50:04,510 INFO [long-pulling] client count 0

2024-07-12 22:50:04,510 INFO groupCount = 1, subscriberClientCount = 0, subscriberCount = 0

2024-07-12 22:50:04,510 INFO toNotifyTaskSize = 0

2024-07-12 22:50:04,510 INFO toClientNotifyTaskSize = 0

2024-07-12 22:50:14,521 INFO [long-pulling] client count 0

2024-07-12 22:50:14,521 INFO toNotifyTaskSize = 0

2024-07-12 22:50:14,521 INFO toClientNotifyTaskSize = 0

2024-07-12 22:50:14,521 INFO groupCount = 1, subscriberClientCount = 0, subscriberCount = 0

2024-07-12 22:50:24,523 INFO [long-pulling] client count 0

2024-07-12 22:50:24,523 INFO groupCount = 1, subscriberClientCount = 0, subscriberCount = 0

2024-07-12 22:50:24,523 INFO toNotifyTaskSize = 0

2024-07-12 22:50:24,523 INFO toClientNotifyTaskSize = 0

2024-07-12 22:50:34,536 INFO [long-pulling] client count 0

2024-07-12 22:50:34,536 INFO toNotifyTaskSize = 0

2024-07-12 22:50:34,536 INFO toClientNotifyTaskSize = 0

2024-07-12 22:50:34,536 INFO groupCount = 1, subscriberClientCount = 0, subscriberCount = 0

2024-07-12 22:50:44,548 INFO groupCount = 1, subscriberClientCount = 0, subscriberCount = 0

2024-07-12 22:50:44,548 INFO toNotifyTaskSize = 0

2024-07-12 22:50:44,548 INFO [long-pulling] client count 0

2024-07-12 22:50:44,548 INFO toClientNotifyTaskSize = 0

2024-07-12 22:50:54,558 INFO [long-pulling] client count 0

2024-07-12 22:50:54,558 INFO groupCount = 1, subscriberClientCount = 0, subscriberCount = 0

2024-07-12 22:50:54,558 INFO toNotifyTaskSize = 0

2024-07-12 22:50:54,558 INFO toClientNotifyTaskSize = 0

2024-07-12 22:51:04,573 INFO [long-pulling] client count 0

2024-07-12 22:51:04,573 INFO groupCount = 1, subscriberClientCount = 0, subscriberCount = 0

2024-07-12 22:51:04,573 INFO toNotifyTaskSize = 0

2024-07-12 22:51:04,573 INFO toClientNotifyTaskSize = 0

2024-07-12 22:51:14,577 INFO [long-pulling] client count 0

2024-07-12 22:51:14,577 INFO toNotifyTaskSize = 0

2024-07-12 22:51:14,577 INFO groupCount = 1, subscriberClientCount = 0, subscriberCount = 0

2024-07-12 22:51:14,577 INFO toClientNotifyTaskSize = 0

2024-07-12 22:51:24,578 INFO [long-pulling] client count 0

2024-07-12 22:51:24,578 INFO groupCount = 1, subscriberClientCount = 0, subscriberCount = 0

2024-07-12 22:51:24,578 INFO toNotifyTaskSize = 0

2024-07-12 22:51:24,578 INFO toClientNotifyTaskSize = 0

2024-07-12 22:51:34,582 INFO [long-pulling] client count 0

2024-07-12 22:51:34,582 INFO groupCount = 1, subscriberClientCount = 0, subscriberCount = 0

2024-07-12 22:51:34,582 INFO toNotifyTaskSize = 0

2024-07-12 22:51:34,582 INFO toClientNotifyTaskSize = 0

2024-07-12 22:51:44,589 INFO [long-pulling] client count 0

2024-07-12 22:51:44,589 INFO groupCount = 1, subscriberClientCount = 0, subscriberCount = 0

2024-07-12 22:51:44,589 INFO toNotifyTaskSize = 0

2024-07-12 22:51:44,589 INFO toClientNotifyTaskSize = 0

2024-07-12 22:51:54,604 INFO groupCount = 1, subscriberClientCount = 0, subscriberCount = 0

2024-07-12 22:51:54,604 INFO toNotifyTaskSize = 0

2024-07-12 22:51:54,604 INFO [long-pulling] client count 0

2024-07-12 22:51:54,604 INFO toClientNotifyTaskSize = 0

2024-07-12 22:52:04,615 INFO [long-pulling] client count 0

2024-07-12 22:52:04,615 INFO toNotifyTaskSize = 0

2024-07-12 22:52:04,615 INFO groupCount = 1, subscriberClientCount = 0, subscriberCount = 0

2024-07-12 22:52:04,615 INFO toClientNotifyTaskSize = 0

2024-07-12 22:52:14,624 INFO [long-pulling] client count 0

2024-07-12 22:52:14,624 INFO toNotifyTaskSize = 0

2024-07-12 22:52:14,624 INFO groupCount = 1, subscriberClientCount = 0, subscriberCount = 0

2024-07-12 22:52:14,624 INFO toClientNotifyTaskSize = 0

2024-07-12 22:52:24,629 INFO [long-pulling] client count 0

2024-07-12 22:52:24,629 INFO toNotifyTaskSize = 0

2024-07-12 22:52:24,629 INFO groupCount = 1, subscriberClientCount = 0, subscriberCount = 0

2024-07-12 22:52:24,629 INFO toClientNotifyTaskSize = 0

2024-07-12 22:52:34,630 INFO groupCount = 1, subscriberClientCount = 0, subscriberCount = 0

2024-07-12 22:52:34,630 INFO toNotifyTaskSize = 0

2024-07-12 22:52:34,630 INFO toClientNotifyTaskSize = 0

2024-07-12 22:52:34,646 INFO [long-pulling] client count 0

2024-07-12 22:52:44,637 INFO toNotifyTaskSize = 0

2024-07-12 22:52:44,637 INFO groupCount = 1, subscriberClientCount = 0, subscriberCount = 0

2024-07-12 22:52:44,637 INFO toClientNotifyTaskSize = 0

2024-07-12 22:52:44,653 INFO [long-pulling] client count 0

2024-07-12 22:52:54,646 INFO toNotifyTaskSize = 0

2024-07-12 22:52:54,646 INFO groupCount = 1, subscriberClientCount = 0, subscriberCount = 0

2024-07-12 22:52:54,646 INFO toClientNotifyTaskSize = 0

2024-07-12 22:52:54,661 INFO [long-pulling] client count 0

2024-07-12 22:53:04,658 INFO groupCount = 1, subscriberClientCount = 0, subscriberCount = 0

2024-07-12 22:53:04,658 INFO toNotifyTaskSize = 0

2024-07-12 22:53:04,658 INFO toClientNotifyTaskSize = 0

2024-07-12 22:53:04,674 INFO [long-pulling] client count 0

2024-07-12 22:53:14,664 INFO toNotifyTaskSize = 0

2024-07-12 22:53:14,664 INFO groupCount = 1, subscriberClientCount = 0, subscriberCount = 0

2024-07-12 22:53:14,664 INFO toClientNotifyTaskSize = 0

2024-07-12 22:53:14,679 INFO [long-pulling] client count 0

2024-07-12 22:53:24,678 INFO groupCount = 1, subscriberClientCount = 0, subscriberCount = 0

2024-07-12 22:53:24,678 INFO toNotifyTaskSize = 0

2024-07-12 22:53:24,678 INFO toClientNotifyTaskSize = 0

2024-07-12 22:53:24,694 INFO [long-pulling] client count 0

2024-07-12 22:53:34,692 INFO groupCount = 1, subscriberClientCount = 0, subscriberCount = 0

2024-07-12 22:53:34,692 INFO toNotifyTaskSize = 0

2024-07-12 22:53:34,692 INFO toClientNotifyTaskSize = 0

2024-07-12 22:53:34,708 INFO [long-pulling] client count 0

2024-07-12 22:53:44,701 INFO toNotifyTaskSize = 0

2024-07-12 22:53:44,701 INFO groupCount = 1, subscriberClientCount = 0, subscriberCount = 0

2024-07-12 22:53:44,701 INFO toClientNotifyTaskSize = 0

2024-07-12 22:53:44,717 INFO [long-pulling] client count 0

2024-07-12 22:53:54,710 INFO groupCount = 1, subscriberClientCount = 0, subscriberCount = 0

2024-07-12 22:53:54,710 INFO toNotifyTaskSize = 0

2024-07-12 22:53:54,710 INFO toClientNotifyTaskSize = 0

2024-07-12 22:53:54,725 INFO [long-pulling] client count 0

2024-07-12 22:54:04,717 INFO toNotifyTaskSize = 0

2024-07-12 22:54:04,717 INFO groupCount = 1, subscriberClientCount = 0, subscriberCount = 0

2024-07-12 22:54:04,717 INFO toClientNotifyTaskSize = 0

2024-07-12 22:54:04,732 INFO [long-pulling] client count 0

2024-07-12 22:54:14,732 INFO toNotifyTaskSize = 0

2024-07-12 22:54:14,732 INFO groupCount = 1, subscriberClientCount = 0, subscriberCount = 0

2024-07-12 22:54:14,732 INFO toClientNotifyTaskSize = 0

2024-07-12 22:54:14,747 INFO [long-pulling] client count 0

2024-07-12 22:54:24,738 INFO groupCount = 1, subscriberClientCount = 0, subscriberCount = 0

2024-07-12 22:54:24,738 INFO toNotifyTaskSize = 0

2024-07-12 22:54:24,738 INFO toClientNotifyTaskSize = 0

2024-07-12 22:54:24,753 INFO [long-pulling] client count 0

2024-07-12 22:54:34,738 INFO groupCount = 1, subscriberClientCount = 0, subscriberCount = 0

2024-07-12 22:54:34,738 INFO toNotifyTaskSize = 0

2024-07-12 22:54:34,738 INFO toClientNotifyTaskSize = 0

2024-07-12 22:54:34,754 INFO [long-pulling] client count 0

2024-07-12 22:54:44,743 INFO groupCount = 1, subscriberClientCount = 0, subscriberCount = 0

2024-07-12 22:54:44,743 INFO toNotifyTaskSize = 0

2024-07-12 22:54:44,743 INFO toClientNotifyTaskSize = 0

2024-07-12 22:54:44,758 INFO [long-pulling] client count 0

2024-07-12 22:54:54,745 INFO toNotifyTaskSize = 0

2024-07-12 22:54:54,745 INFO groupCount = 1, subscriberClientCount = 0, subscriberCount = 0

2024-07-12 22:54:54,745 INFO toClientNotifyTaskSize = 0

2024-07-12 22:54:54,761 INFO [long-pulling] client count 0

2024-07-12 22:55:04,751 INFO toNotifyTaskSize = 0

2024-07-12 22:55:04,751 INFO groupCount = 1, subscriberClientCount = 0, subscriberCount = 0

2024-07-12 22:55:04,751 INFO toClientNotifyTaskSize = 0

2024-07-12 22:55:04,766 INFO [long-pulling] client count 0

2024-07-12 22:55:14,761 INFO groupCount = 1, subscriberClientCount = 0, subscriberCount = 0

2024-07-12 22:55:14,761 INFO toNotifyTaskSize = 0

2024-07-12 22:55:14,761 INFO toClientNotifyTaskSize = 0

2024-07-12 22:55:14,777 INFO [long-pulling] client count 0

2024-07-12 22:55:24,770 INFO toNotifyTaskSize = 0

2024-07-12 22:55:24,770 INFO groupCount = 1, subscriberClientCount = 0, subscriberCount = 0

2024-07-12 22:55:24,770 INFO toClientNotifyTaskSize = 0

2024-07-12 22:55:24,786 INFO [long-pulling] client count 0

2024-07-12 22:55:34,774 INFO groupCount = 1, subscriberClientCount = 0, subscriberCount = 0

2024-07-12 22:55:34,774 INFO toNotifyTaskSize = 0

2024-07-12 22:55:34,774 INFO toClientNotifyTaskSize = 0

2024-07-12 22:55:34,790 INFO [long-pulling] client count 0

2024-07-12 22:55:44,778 INFO toNotifyTaskSize = 0

2024-07-12 22:55:44,778 INFO groupCount = 1, subscriberClientCount = 0, subscriberCount = 0

2024-07-12 22:55:44,778 INFO toClientNotifyTaskSize = 0

2024-07-12 22:55:44,793 INFO [long-pulling] client count 0

2024-07-12 22:55:54,782 INFO groupCount = 1, subscriberClientCount = 0, subscriberCount = 0

2024-07-12 22:55:54,782 INFO toNotifyTaskSize = 0

2024-07-12 22:55:54,782 INFO toClientNotifyTaskSize = 0

2024-07-12 22:55:54,797 INFO [long-pulling] client count 0

2024-07-12 22:56:04,794 INFO toNotifyTaskSize = 0

2024-07-12 22:56:04,794 INFO groupCount = 1, subscriberClientCount = 0, subscriberCount = 0

2024-07-12 22:56:04,794 INFO toClientNotifyTaskSize = 0

2024-07-12 22:56:04,810 INFO [long-pulling] client count 0

2024-07-12 22:56:14,799 INFO groupCount = 1, subscriberClientCount = 0, subscriberCount = 0

2024-07-12 22:56:14,799 INFO toNotifyTaskSize = 0

2024-07-12 22:56:14,799 INFO toClientNotifyTaskSize = 0

2024-07-12 22:56:14,815 INFO [long-pulling] client count 0

2024-07-12 22:56:24,803 INFO toNotifyTaskSize = 0

2024-07-12 22:56:24,803 INFO groupCount = 1, subscriberClientCount = 0, subscriberCount = 0

2024-07-12 22:56:24,803 INFO toClientNotifyTaskSize = 0

2024-07-12 22:56:24,818 INFO [long-pulling] client count 0

2024-07-12 22:56:34,808 INFO groupCount = 1, subscriberClientCount = 0, subscriberCount = 0

2024-07-12 22:56:34,808 INFO toNotifyTaskSize = 0

2024-07-12 22:56:34,808 INFO toClientNotifyTaskSize = 0

2024-07-12 22:56:34,823 INFO [long-pulling] client count 0

2024-07-12 22:56:44,811 INFO groupCount = 1, subscriberClientCount = 0, subscriberCount = 0

2024-07-12 22:56:44,811 INFO toNotifyTaskSize = 0

2024-07-12 22:56:44,811 INFO toClientNotifyTaskSize = 0

2024-07-12 22:56:44,826 INFO [long-pulling] client count 0

2024-07-12 22:56:54,817 INFO groupCount = 1, subscriberClientCount = 0, subscriberCount = 0

2024-07-12 22:56:54,817 INFO toNotifyTaskSize = 0

2024-07-12 22:56:54,817 INFO toClientNotifyTaskSize = 0

2024-07-12 22:56:54,833 INFO [long-pulling] client count 0

2024-07-12 22:57:04,821 INFO toNotifyTaskSize = 0

2024-07-12 22:57:04,821 INFO groupCount = 1, subscriberClientCount = 0, subscriberCount = 0

2024-07-12 22:57:04,821 INFO toClientNotifyTaskSize = 0

2024-07-12 22:57:04,836 INFO [long-pulling] client count 0

2024-07-12 22:57:14,821 INFO groupCount = 1, subscriberClientCount = 0, subscriberCount = 0

2024-07-12 22:57:14,821 INFO toNotifyTaskSize = 0

2024-07-12 22:57:14,821 INFO toClientNotifyTaskSize = 0

2024-07-12 22:57:14,837 INFO [long-pulling] client count 0

2024-07-12 22:57:24,829 INFO toNotifyTaskSize = 0

2024-07-12 22:57:24,829 INFO groupCount = 1, subscriberClientCount = 0, subscriberCount = 0

2024-07-12 22:57:24,829 INFO toClientNotifyTaskSize = 0

2024-07-12 22:57:24,845 INFO [long-pulling] client count 0

2024-07-12 22:57:34,841 INFO toNotifyTaskSize = 0

2024-07-12 22:57:34,841 INFO groupCount = 1, subscriberClientCount = 0, subscriberCount = 0

2024-07-12 22:57:34,841 INFO toClientNotifyTaskSize = 0

2024-07-12 22:57:34,856 INFO [long-pulling] client count 0

2024-07-12 22:57:44,842 INFO groupCount = 1, subscriberClientCount = 0, subscriberCount = 0

2024-07-12 22:57:44,842 INFO toNotifyTaskSize = 0

2024-07-12 22:57:44,842 INFO toClientNotifyTaskSize = 0

2024-07-12 22:57:44,858 INFO [long-pulling] client count 0

2024-07-12 22:57:54,844 INFO groupCount = 1, subscriberClientCount = 0, subscriberCount = 0

2024-07-12 22:57:54,844 INFO toNotifyTaskSize = 0

2024-07-12 22:57:54,844 INFO toClientNotifyTaskSize = 0

2024-07-12 22:57:54,859 INFO [long-pulling] client count 0

2024-07-12 22:58:04,858 INFO groupCount = 1, subscriberClientCount = 0, subscriberCount = 0

2024-07-12 22:58:04,858 INFO toNotifyTaskSize = 0

2024-07-12 22:58:04,858 INFO toClientNotifyTaskSize = 0

2024-07-12 22:58:04,873 INFO [long-pulling] client count 0

2024-07-12 22:58:14,862 INFO groupCount = 1, subscriberClientCount = 0, subscriberCount = 0

2024-07-12 22:58:14,862 INFO toNotifyTaskSize = 0

2024-07-12 22:58:14,862 INFO toClientNotifyTaskSize = 0

2024-07-12 22:58:14,877 INFO [long-pulling] client count 0

2024-07-12 22:58:24,874 INFO groupCount = 1, subscriberClientCount = 0, subscriberCount = 0

2024-07-12 22:58:24,874 INFO toNotifyTaskSize = 0

2024-07-12 22:58:24,874 INFO toClientNotifyTaskSize = 0

2024-07-12 22:58:24,889 INFO [long-pulling] client count 0

2024-07-12 22:58:34,886 INFO groupCount = 1, subscriberClientCount = 0, subscriberCount = 0

2024-07-12 22:58:34,886 INFO toNotifyTaskSize = 0

2024-07-12 22:58:34,886 INFO toClientNotifyTaskSize = 0

2024-07-12 22:58:34,901 INFO [long-pulling] client count 0

2024-07-12 22:58:44,889 INFO toNotifyTaskSize = 0

2024-07-12 22:58:44,889 INFO groupCount = 1, subscriberClientCount = 0, subscriberCount = 0

2024-07-12 22:58:44,889 INFO toClientNotifyTaskSize = 0

2024-07-12 22:58:44,905 INFO [long-pulling] client count 0

2024-07-12 22:58:54,895 INFO toNotifyTaskSize = 0

2024-07-12 22:58:54,895 INFO groupCount = 1, subscriberClientCount = 0, subscriberCount = 0

2024-07-12 22:58:54,895 INFO toClientNotifyTaskSize = 0

2024-07-12 22:58:54,911 INFO [long-pulling] client count 0

2024-07-12 22:59:04,906 INFO toNotifyTaskSize = 0

2024-07-12 22:59:04,906 INFO groupCount = 1, subscriberClientCount = 0, subscriberCount = 0

2024-07-12 22:59:04,906 INFO toClientNotifyTaskSize = 0

2024-07-12 22:59:04,922 INFO [long-pulling] client count 0

2024-07-12 22:59:14,920 INFO groupCount = 1, subscriberClientCount = 0, subscriberCount = 0

2024-07-12 22:59:14,920 INFO toNotifyTaskSize = 0

2024-07-12 22:59:14,920 INFO toClientNotifyTaskSize = 0

2024-07-12 22:59:14,936 INFO [long-pulling] client count 0

2024-07-12 22:59:24,929 INFO toNotifyTaskSize = 0

2024-07-12 22:59:24,929 INFO groupCount = 1, subscriberClientCount = 0, subscriberCount = 0

2024-07-12 22:59:24,929 INFO toClientNotifyTaskSize = 0

2024-07-12 22:59:24,944 INFO [long-pulling] client count 0

2024-07-12 22:59:34,934 INFO groupCount = 1, subscriberClientCount = 0, subscriberCount = 0

2024-07-12 22:59:34,934 INFO toNotifyTaskSize = 0

2024-07-12 22:59:34,934 INFO toClientNotifyTaskSize = 0

2024-07-12 22:59:34,950 INFO [long-pulling] client count 0

2024-07-12 22:59:44,940 INFO toNotifyTaskSize = 0

2024-07-12 22:59:44,940 INFO groupCount = 1, subscriberClientCount = 0, subscriberCount = 0

2024-07-12 22:59:44,940 INFO toClientNotifyTaskSize = 0

2024-07-12 22:59:44,956 INFO [long-pulling] client count 0

2024-07-12 22:59:54,944 INFO toNotifyTaskSize = 0

2024-07-12 22:59:54,944 INFO groupCount = 1, subscriberClientCount = 0, subscriberCount = 0

2024-07-12 22:59:54,944 INFO toClientNotifyTaskSize = 0

2024-07-12 22:59:54,960 INFO [long-pulling] client count 0

2024-07-12 23:00:04,959 INFO groupCount = 1, subscriberClientCount = 0, subscriberCount = 0

2024-07-12 23:00:04,959 INFO toNotifyTaskSize = 0

2024-07-12 23:00:04,959 INFO toClientNotifyTaskSize = 0

2024-07-12 23:00:04,975 INFO [long-pulling] client count 0

2024-07-12 23:00:14,969 INFO groupCount = 1, subscriberClientCount = 0, subscriberCount = 0

2024-07-12 23:00:14,969 INFO toNotifyTaskSize = 0

2024-07-12 23:00:14,969 INFO toClientNotifyTaskSize = 0

2024-07-12 23:00:14,985 INFO [long-pulling] client count 0

2024-07-12 23:00:24,978 INFO groupCount = 1, subscriberClientCount = 0, subscriberCount = 0

2024-07-12 23:00:24,978 INFO toNotifyTaskSize = 0

2024-07-12 23:00:24,978 INFO toClientNotifyTaskSize = 0

2024-07-12 23:00:24,994 INFO [long-pulling] client count 0

2024-07-12 23:00:34,989 INFO groupCount = 1, subscriberClientCount = 0, subscriberCount = 0

2024-07-12 23:00:34,989 INFO toNotifyTaskSize = 0

2024-07-12 23:00:34,989 INFO toClientNotifyTaskSize = 0

2024-07-12 23:00:35,005 INFO [long-pulling] client count 0

2024-07-12 23:00:44,992 INFO groupCount = 1, subscriberClientCount = 0, subscriberCount = 0

2024-07-12 23:00:44,992 INFO toNotifyTaskSize = 0

2024-07-12 23:00:44,992 INFO toClientNotifyTaskSize = 0

2024-07-12 23:00:45,008 INFO [long-pulling] client count 0

2024-07-12 23:00:55,004 INFO groupCount = 1, subscriberClientCount = 0, subscriberCount = 0

2024-07-12 23:00:55,004 INFO toNotifyTaskSize = 0

2024-07-12 23:00:55,004 INFO toClientNotifyTaskSize = 0

2024-07-12 23:00:55,020 INFO [long-pulling] client count 0

2024-07-12 23:01:05,017 INFO groupCount = 1, subscriberClientCount = 0, subscriberCount = 0

2024-07-12 23:01:05,017 INFO toNotifyTaskSize = 0

2024-07-12 23:01:05,017 INFO toClientNotifyTaskSize = 0

2024-07-12 23:01:05,033 INFO [long-pulling] client count 0

2024-07-12 23:01:15,028 INFO toNotifyTaskSize = 0

2024-07-12 23:01:15,028 INFO groupCount = 1, subscriberClientCount = 0, subscriberCount = 0

2024-07-12 23:01:15,028 INFO toClientNotifyTaskSize = 0

2024-07-12 23:01:15,043 INFO [long-pulling] client count 0

2024-07-12 23:01:25,038 INFO groupCount = 1, subscriberClientCount = 0, subscriberCount = 0

2024-07-12 23:01:25,038 INFO toNotifyTaskSize = 0

2024-07-12 23:01:25,038 INFO toClientNotifyTaskSize = 0

2024-07-12 23:01:25,054 INFO [long-pulling] client count 0

2024-07-12 23:01:35,049 INFO toNotifyTaskSize = 0

2024-07-12 23:01:35,049 INFO groupCount = 1, subscriberClientCount = 0, subscriberCount = 0

2024-07-12 23:01:35,049 INFO toClientNotifyTaskSize = 0

2024-07-12 23:01:35,065 INFO [long-pulling] client count 0

2024-07-12 23:01:45,059 INFO groupCount = 1, subscriberClientCount = 0, subscriberCount = 0

2024-07-12 23:01:45,059 INFO toNotifyTaskSize = 0

2024-07-12 23:01:45,059 INFO toClientNotifyTaskSize = 0

2024-07-12 23:01:45,074 INFO [long-pulling] client count 0

2024-07-12 23:01:55,066 INFO groupCount = 1, subscriberClientCount = 0, subscriberCount = 0

2024-07-12 23:01:55,066 INFO toNotifyTaskSize = 0

2024-07-12 23:01:55,066 INFO toClientNotifyTaskSize = 0

2024-07-12 23:01:55,081 INFO [long-pulling] client count 0

2024-07-12 23:02:05,072 INFO toNotifyTaskSize = 0

2024-07-12 23:02:05,072 INFO groupCount = 1, subscriberClientCount = 0, subscriberCount = 0

2024-07-12 23:02:05,072 INFO toClientNotifyTaskSize = 0

2024-07-12 23:02:05,088 INFO [long-pulling] client count 0

2024-07-12 23:02:15,082 INFO groupCount = 1, subscriberClientCount = 0, subscriberCount = 0

2024-07-12 23:02:15,082 INFO toNotifyTaskSize = 0

2024-07-12 23:02:15,082 INFO toClientNotifyTaskSize = 0

2024-07-12 23:02:15,097 INFO [long-pulling] client count 0

2024-07-12 23:02:25,097 INFO groupCount = 1, subscriberClientCount = 0, subscriberCount = 0

2024-07-12 23:02:25,097 INFO toNotifyTaskSize = 0

2024-07-12 23:02:25,097 INFO toClientNotifyTaskSize = 0

2024-07-12 23:02:25,112 INFO [long-pulling] client count 0

2024-07-12 23:02:35,107 INFO groupCount = 1, subscriberClientCount = 0, subscriberCount = 0

2024-07-12 23:02:35,107 INFO toNotifyTaskSize = 0

2024-07-12 23:02:35,107 INFO toClientNotifyTaskSize = 0

2024-07-12 23:02:35,123 INFO [long-pulling] client count 0

2024-07-12 23:02:45,116 INFO toNotifyTaskSize = 0

2024-07-12 23:02:45,116 INFO groupCount = 1, subscriberClientCount = 0, subscriberCount = 0

2024-07-12 23:02:45,116 INFO toClientNotifyTaskSize = 0

2024-07-12 23:02:45,132 INFO [long-pulling] client count 0

2024-07-12 23:02:55,127 INFO groupCount = 1, subscriberClientCount = 0, subscriberCount = 0

2024-07-12 23:02:55,127 INFO toNotifyTaskSize = 0

2024-07-12 23:02:55,127 INFO toClientNotifyTaskSize = 0

2024-07-12 23:02:55,143 INFO [long-pulling] client count 0

2024-07-12 23:03:05,140 INFO groupCount = 1, subscriberClientCount = 0, subscriberCount = 0

2024-07-12 23:03:05,140 INFO toNotifyTaskSize = 0

2024-07-12 23:03:05,140 INFO toClientNotifyTaskSize = 0

2024-07-12 23:03:05,156 INFO [long-pulling] client count 0

2024-07-12 23:03:15,146 INFO groupCount = 1, subscriberClientCount = 0, subscriberCount = 0

2024-07-12 23:03:15,146 INFO toNotifyTaskSize = 0

2024-07-12 23:03:15,146 INFO toClientNotifyTaskSize = 0

2024-07-12 23:03:15,162 INFO [long-pulling] client count 0

2024-07-12 23:03:25,155 INFO groupCount = 1, subscriberClientCount = 0, subscriberCount = 0

2024-07-12 23:03:25,155 INFO toNotifyTaskSize = 0

2024-07-12 23:03:25,155 INFO toClientNotifyTaskSize = 0

2024-07-12 23:03:25,171 INFO [long-pulling] client count 0

2024-07-12 23:03:35,159 INFO groupCount = 1, subscriberClientCount = 0, subscriberCount = 0

2024-07-12 23:03:35,159 INFO toNotifyTaskSize = 0

2024-07-12 23:03:35,159 INFO toClientNotifyTaskSize = 0

2024-07-12 23:03:35,175 INFO [long-pulling] client count 0

2024-07-12 23:03:45,169 INFO groupCount = 1, subscriberClientCount = 0, subscriberCount = 0

2024-07-12 23:03:45,169 INFO toNotifyTaskSize = 0

2024-07-12 23:03:45,169 INFO toClientNotifyTaskSize = 0

2024-07-12 23:03:45,185 INFO [long-pulling] client count 0

2024-07-12 23:03:55,174 INFO groupCount = 1, subscriberClientCount = 0, subscriberCount = 0

2024-07-12 23:03:55,174 INFO toNotifyTaskSize = 0

2024-07-12 23:03:55,174 INFO toClientNotifyTaskSize = 0

2024-07-12 23:03:55,190 INFO [long-pulling] client count 0

2024-07-12 23:04:05,179 INFO toNotifyTaskSize = 0

2024-07-12 23:04:05,179 INFO groupCount = 1, subscriberClientCount = 0, subscriberCount = 0

2024-07-12 23:04:05,179 INFO toClientNotifyTaskSize = 0

2024-07-12 23:04:05,195 INFO [long-pulling] client count 0

2024-07-12 23:04:15,182 INFO groupCount = 1, subscriberClientCount = 0, subscriberCount = 0

2024-07-12 23:04:15,182 INFO toNotifyTaskSize = 0

2024-07-12 23:04:15,182 INFO toClientNotifyTaskSize = 0

2024-07-12 23:04:15,197 INFO [long-pulling] client count 0

2024-07-12 23:04:25,187 INFO groupCount = 1, subscriberClientCount = 0, subscriberCount = 0

2024-07-12 23:04:25,187 INFO toNotifyTaskSize = 0

2024-07-12 23:04:25,187 INFO toClientNotifyTaskSize = 0

2024-07-12 23:04:25,203 INFO [long-pulling] client count 0

2024-07-12 23:04:35,192 INFO groupCount = 1, subscriberClientCount = 0, subscriberCount = 0

2024-07-12 23:04:35,192 INFO toNotifyTaskSize = 0

2024-07-12 23:04:35,192 INFO toClientNotifyTaskSize = 0

2024-07-12 23:04:35,208 INFO [long-pulling] client count 0

2024-07-12 23:04:45,205 INFO toNotifyTaskSize = 0

2024-07-12 23:04:45,205 INFO groupCount = 1, subscriberClientCount = 0, subscriberCount = 0

2024-07-12 23:04:45,205 INFO toClientNotifyTaskSize = 0

2024-07-12 23:04:45,220 INFO [long-pulling] client count 0

2024-07-12 23:04:55,207 INFO groupCount = 1, subscriberClientCount = 0, subscriberCount = 0

2024-07-12 23:04:55,207 INFO toNotifyTaskSize = 0

2024-07-12 23:04:55,207 INFO toClientNotifyTaskSize = 0

2024-07-12 23:04:55,222 INFO [long-pulling] client count 0

2024-07-12 23:05:05,219 INFO groupCount = 1, subscriberClientCount = 0, subscriberCount = 0

2024-07-12 23:05:05,219 INFO toNotifyTaskSize = 0

2024-07-12 23:05:05,219 INFO toClientNotifyTaskSize = 0

2024-07-12 23:05:05,235 INFO [long-pulling] client count 0

2024-07-12 23:05:15,232 INFO toNotifyTaskSize = 0

2024-07-12 23:05:15,232 INFO groupCount = 1, subscriberClientCount = 0, subscriberCount = 0

2024-07-12 23:05:15,232 INFO toClientNotifyTaskSize = 0

2024-07-12 23:05:15,247 INFO [long-pulling] client count 0

2024-07-12 23:05:25,241 INFO toNotifyTaskSize = 0

2024-07-12 23:05:25,241 INFO toClientNotifyTaskSize = 0

2024-07-12 23:05:25,241 INFO groupCount = 1, subscriberClientCount = 0, subscriberCount = 0

2024-07-12 23:05:25,256 INFO [long-pulling] client count 0

2024-07-12 23:05:35,250 INFO toNotifyTaskSize = 0

2024-07-12 23:05:35,250 INFO groupCount = 1, subscriberClientCount = 0, subscriberCount = 0

2024-07-12 23:05:35,250 INFO toClientNotifyTaskSize = 0

2024-07-12 23:05:35,266 INFO [long-pulling] client count 0

2024-07-12 23:05:45,260 INFO groupCount = 1, subscriberClientCount = 0, subscriberCount = 0

2024-07-12 23:05:45,260 INFO toNotifyTaskSize = 0

2024-07-12 23:05:45,260 INFO toClientNotifyTaskSize = 0

2024-07-12 23:05:45,276 INFO [long-pulling] client count 0

2024-07-12 23:05:55,261 INFO groupCount = 1, subscriberClientCount = 0, subscriberCount = 0

2024-07-12 23:05:55,261 INFO toNotifyTaskSize = 0

2024-07-12 23:05:55,261 INFO toClientNotifyTaskSize = 0

2024-07-12 23:05:55,291 INFO [long-pulling] client count 0

2024-07-12 23:06:05,275 INFO toNotifyTaskSize = 0

2024-07-12 23:06:05,275 INFO groupCount = 1, subscriberClientCount = 0, subscriberCount = 0

2024-07-12 23:06:05,275 INFO toClientNotifyTaskSize = 0

2024-07-12 23:06:05,291 INFO [long-pulling] client count 0

2024-07-12 23:06:15,287 INFO toNotifyTaskSize = 0

2024-07-12 23:06:15,287 INFO groupCount = 1, subscriberClientCount = 0, subscriberCount = 0

2024-07-12 23:06:15,287 INFO toClientNotifyTaskSize = 0

2024-07-12 23:06:15,303 INFO [long-pulling] client count 0

2024-07-12 23:06:25,300 INFO groupCount = 1, subscriberClientCount = 0, subscriberCount = 0

2024-07-12 23:06:25,300 INFO toNotifyTaskSize = 0

2024-07-12 23:06:25,300 INFO toClientNotifyTaskSize = 0

2024-07-12 23:06:25,316 INFO [long-pulling] client count 0

2024-07-12 23:06:35,303 INFO toNotifyTaskSize = 0

2024-07-12 23:06:35,303 INFO groupCount = 1, subscriberClientCount = 0, subscriberCount = 0

2024-07-12 23:06:35,303 INFO toClientNotifyTaskSize = 0

2024-07-12 23:06:35,319 INFO [long-pulling] client count 0

2024-07-12 23:06:45,316 INFO groupCount = 1, subscriberClientCount = 0, subscriberCount = 0

2024-07-12 23:06:45,316 INFO toNotifyTaskSize = 0

2024-07-12 23:06:45,316 INFO toClientNotifyTaskSize = 0

2024-07-12 23:06:45,332 INFO [long-pulling] client count 0

2024-07-12 23:06:55,322 INFO toNotifyTaskSize = 0

2024-07-12 23:06:55,322 INFO groupCount = 1, subscriberClientCount = 0, subscriberCount = 0

2024-07-12 23:06:55,322 INFO toClientNotifyTaskSize = 0

2024-07-12 23:06:55,338 INFO [long-pulling] client count 0

2024-07-12 23:07:05,332 INFO groupCount = 1, subscriberClientCount = 0, subscriberCount = 0

2024-07-12 23:07:05,332 INFO toNotifyTaskSize = 0

2024-07-12 23:07:05,332 INFO toClientNotifyTaskSize = 0

2024-07-12 23:07:05,347 INFO [long-pulling] client count 0

2024-07-12 23:07:15,343 INFO toNotifyTaskSize = 0

2024-07-12 23:07:15,343 INFO groupCount = 1, subscriberClientCount = 0, subscriberCount = 0

2024-07-12 23:07:15,343 INFO toClientNotifyTaskSize = 0

2024-07-12 23:07:15,358 INFO [long-pulling] client count 0

2024-07-12 23:07:25,343 INFO groupCount = 1, subscriberClientCount = 0, subscriberCount = 0

2024-07-12 23:07:25,343 INFO toNotifyTaskSize = 0

2024-07-12 23:07:25,343 INFO toClientNotifyTaskSize = 0

2024-07-12 23:07:25,359 INFO [long-pulling] client count 0

2024-07-12 23:07:35,346 INFO groupCount = 1, subscriberClientCount = 0, subscriberCount = 0

2024-07-12 23:07:35,346 INFO toNotifyTaskSize = 0

2024-07-12 23:07:35,346 INFO toClientNotifyTaskSize = 0

2024-07-12 23:07:35,362 INFO [long-pulling] client count 0

2024-07-12 23:07:45,362 INFO toNotifyTaskSize = 0

2024-07-12 23:07:45,362 INFO groupCount = 1, subscriberClientCount = 0, subscriberCount = 0

2024-07-12 23:07:45,362 INFO toClientNotifyTaskSize = 0

2024-07-12 23:07:45,377 INFO [long-pulling] client count 0

2024-07-12 23:07:55,375 INFO groupCount = 1, subscriberClientCount = 0, subscriberCount = 0

2024-07-12 23:07:55,375 INFO toNotifyTaskSize = 0

2024-07-12 23:07:55,375 INFO toClientNotifyTaskSize = 0

2024-07-12 23:07:55,391 INFO [long-pulling] client count 0

2024-07-12 23:08:05,387 INFO groupCount = 1, subscriberClientCount = 0, subscriberCount = 0

2024-07-12 23:08:05,387 INFO toNotifyTaskSize = 0

2024-07-12 23:08:05,387 INFO toClientNotifyTaskSize = 0

2024-07-12 23:08:05,403 INFO [long-pulling] client count 0

2024-07-12 23:08:15,388 INFO groupCount = 1, subscriberClientCount = 0, subscriberCount = 0

2024-07-12 23:08:15,388 INFO toNotifyTaskSize = 0

2024-07-12 23:08:15,388 INFO toClientNotifyTaskSize = 0

2024-07-12 23:08:15,419 INFO [long-pulling] client count 0

2024-07-12 23:08:25,399 INFO groupCount = 1, subscriberClientCount = 0, subscriberCount = 0

2024-07-12 23:08:25,399 INFO toNotifyTaskSize = 0

2024-07-12 23:08:25,399 INFO toClientNotifyTaskSize = 0

2024-07-12 23:08:25,430 INFO [long-pulling] client count 0

2024-07-12 23:08:35,413 INFO groupCount = 1, subscriberClientCount = 0, subscriberCount = 0

2024-07-12 23:08:35,413 INFO toNotifyTaskSize = 0

2024-07-12 23:08:35,413 INFO toClientNotifyTaskSize = 0

2024-07-12 23:08:35,445 INFO [long-pulling] client count 0

2024-07-12 23:08:45,425 INFO groupCount = 1, subscriberClientCount = 0, subscriberCount = 0

2024-07-12 23:08:45,425 INFO toNotifyTaskSize = 0

2024-07-12 23:08:45,425 INFO toClientNotifyTaskSize = 0

2024-07-12 23:08:45,457 INFO [long-pulling] client count 0

2024-07-12 23:08:55,439 INFO toNotifyTaskSize = 0

2024-07-12 23:08:55,439 INFO groupCount = 1, subscriberClientCount = 0, subscriberCount = 0

2024-07-12 23:08:55,439 INFO toClientNotifyTaskSize = 0

2024-07-12 23:08:55,471 INFO [long-pulling] client count 0

2024-07-12 23:09:05,453 INFO groupCount = 1, subscriberClientCount = 0, subscriberCount = 0

2024-07-12 23:09:05,453 INFO toNotifyTaskSize = 0

2024-07-12 23:09:05,453 INFO toClientNotifyTaskSize = 0

2024-07-12 23:09:05,483 INFO [long-pulling] client count 0

2024-07-12 23:09:15,455 INFO groupCount = 1, subscriberClientCount = 0, subscriberCount = 0

2024-07-12 23:09:15,455 INFO toNotifyTaskSize = 0

2024-07-12 23:09:15,455 INFO toClientNotifyTaskSize = 0

2024-07-12 23:09:15,486 INFO [long-pulling] client count 0

2024-07-12 23:09:25,458 INFO groupCount = 1, subscriberClientCount = 0, subscriberCount = 0

2024-07-12 23:09:25,458 INFO toNotifyTaskSize = 0

2024-07-12 23:09:25,458 INFO toClientNotifyTaskSize = 0

2024-07-12 23:09:25,488 INFO [long-pulling] client count 0

2024-07-12 23:09:35,460 INFO groupCount = 1, subscriberClientCount = 0, subscriberCount = 0

2024-07-12 23:09:35,460 INFO toNotifyTaskSize = 0

2024-07-12 23:09:35,460 INFO toClientNotifyTaskSize = 0

2024-07-12 23:09:35,490 INFO [long-pulling] client count 0

2024-07-12 23:09:45,473 INFO groupCount = 1, subscriberClientCount = 0, subscriberCount = 0

2024-07-12 23:09:45,473 INFO toNotifyTaskSize = 0

2024-07-12 23:09:45,473 INFO toClientNotifyTaskSize = 0

2024-07-12 23:09:45,504 INFO [long-pulling] client count 0

2024-07-12 23:09:55,478 INFO toNotifyTaskSize = 0

2024-07-12 23:09:55,478 INFO groupCount = 1, subscriberClientCount = 0, subscriberCount = 0

2024-07-12 23:09:55,478 INFO toClientNotifyTaskSize = 0

2024-07-12 23:09:55,508 INFO [long-pulling] client count 0

2024-07-12 23:10:05,481 INFO toNotifyTaskSize = 0

2024-07-12 23:10:05,481 INFO groupCount = 1, subscriberClientCount = 0, subscriberCount = 0

2024-07-12 23:10:05,481 INFO toClientNotifyTaskSize = 0

2024-07-12 23:10:05,513 INFO [long-pulling] client count 0

2024-07-12 23:10:15,488 INFO groupCount = 1, subscriberClientCount = 0, subscriberCount = 0

2024-07-12 23:10:15,488 INFO toNotifyTaskSize = 0

2024-07-12 23:10:15,488 INFO toClientNotifyTaskSize = 0

2024-07-12 23:10:15,519 INFO [long-pulling] client count 0

2024-07-12 23:10:25,496 INFO toNotifyTaskSize = 0

2024-07-12 23:10:25,496 INFO groupCount = 1, subscriberClientCount = 0, subscriberCount = 0

2024-07-12 23:10:25,496 INFO toClientNotifyTaskSize = 0

2024-07-12 23:10:25,528 INFO [long-pulling] client count 0

2024-07-12 23:10:35,506 INFO groupCount = 1, subscriberClientCount = 0, subscriberCount = 0

2024-07-12 23:10:35,506 INFO toNotifyTaskSize = 0

2024-07-12 23:10:35,506 INFO toClientNotifyTaskSize = 0

2024-07-12 23:10:35,538 INFO [long-pulling] client count 0

2024-07-12 23:10:45,511 INFO groupCount = 1, subscriberClientCount = 0, subscriberCount = 0

2024-07-12 23:10:45,511 INFO toNotifyTaskSize = 0

2024-07-12 23:10:45,511 INFO toClientNotifyTaskSize = 0

2024-07-12 23:10:45,542 INFO [long-pulling] client count 0

2024-07-12 23:10:55,526 INFO toNotifyTaskSize = 0

2024-07-12 23:10:55,526 INFO groupCount = 1, subscriberClientCount = 0, subscriberCount = 0

2024-07-12 23:10:55,526 INFO toClientNotifyTaskSize = 0

2024-07-12 23:10:55,542 INFO [long-pulling] client count 0

2024-07-12 23:11:05,536 INFO groupCount = 1, subscriberClientCount = 0, subscriberCount = 0

2024-07-12 23:11:05,536 INFO toNotifyTaskSize = 0

2024-07-12 23:11:05,536 INFO toClientNotifyTaskSize = 0

2024-07-12 23:11:05,552 INFO [long-pulling] client count 0

2024-07-12 23:11:15,546 INFO groupCount = 1, subscriberClientCount = 0, subscriberCount = 0

2024-07-12 23:11:15,546 INFO toNotifyTaskSize = 0

2024-07-12 23:11:15,546 INFO toClientNotifyTaskSize = 0

2024-07-12 23:11:15,562 INFO [long-pulling] client count 0

2024-07-12 23:11:25,553 INFO groupCount = 1, subscriberClientCount = 0, subscriberCount = 0

2024-07-12 23:11:25,553 INFO toNotifyTaskSize = 0

2024-07-12 23:11:25,553 INFO toClientNotifyTaskSize = 0

2024-07-12 23:11:25,568 INFO [long-pulling] client count 0

2024-07-12 23:11:35,553 INFO groupCount = 1, subscriberClientCount = 0, subscriberCount = 0

2024-07-12 23:11:35,553 INFO toNotifyTaskSize = 0

2024-07-12 23:11:35,553 INFO toClientNotifyTaskSize = 0

2024-07-12 23:11:35,569 INFO [long-pulling] client count 0

2024-07-12 23:11:45,568 INFO groupCount = 1, subscriberClientCount = 0, subscriberCount = 0

2024-07-12 23:11:45,568 INFO toNotifyTaskSize = 0

2024-07-12 23:11:45,568 INFO toClientNotifyTaskSize = 0

2024-07-12 23:11:45,584 INFO [long-pulling] client count 0

2024-07-12 23:11:55,575 INFO groupCount = 1, subscriberClientCount = 0, subscriberCount = 0

2024-07-12 23:11:55,575 INFO toNotifyTaskSize = 0

2024-07-12 23:11:55,575 INFO toClientNotifyTaskSize = 0

2024-07-12 23:11:55,591 INFO [long-pulling] client count 0

2024-07-12 23:12:05,587 INFO groupCount = 1, subscriberClientCount = 0, subscriberCount = 0

2024-07-12 23:12:05,587 INFO toNotifyTaskSize = 0

2024-07-12 23:12:05,587 INFO toClientNotifyTaskSize = 0

2024-07-12 23:12:05,603 INFO [long-pulling] client count 0

2024-07-12 23:12:15,601 INFO groupCount = 1, subscriberClientCount = 0, subscriberCount = 0

2024-07-12 23:12:15,601 INFO toNotifyTaskSize = 0

2024-07-12 23:12:15,601 INFO toClientNotifyTaskSize = 0

2024-07-12 23:12:15,617 INFO [long-pulling] client count 0

2024-07-12 23:12:25,617 INFO groupCount = 1, subscriberClientCount = 0, subscriberCount = 0

2024-07-12 23:12:25,617 INFO toNotifyTaskSize = 0

2024-07-12 23:12:25,617 INFO toClientNotifyTaskSize = 0

2024-07-12 23:12:25,633 INFO [long-pulling] client count 0

2024-07-12 23:12:35,627 INFO groupCount = 1, subscriberClientCount = 0, subscriberCount = 0

2024-07-12 23:12:35,627 INFO toNotifyTaskSize = 0

2024-07-12 23:12:35,627 INFO toClientNotifyTaskSize = 0

2024-07-12 23:12:35,643 INFO [long-pulling] client count 0

2024-07-12 23:12:45,629 INFO groupCount = 1, subscriberClientCount = 0, subscriberCount = 0

2024-07-12 23:12:45,629 INFO toNotifyTaskSize = 0

2024-07-12 23:12:45,629 INFO toClientNotifyTaskSize = 0

2024-07-12 23:12:45,645 INFO [long-pulling] client count 0

2024-07-12 23:12:55,641 INFO toNotifyTaskSize = 0

2024-07-12 23:12:55,641 INFO groupCount = 1, subscriberClientCount = 0, subscriberCount = 0

2024-07-12 23:12:55,641 INFO toClientNotifyTaskSize = 0

2024-07-12 23:12:55,656 INFO [long-pulling] client count 0

2024-07-12 23:13:05,646 INFO groupCount = 1, subscriberClientCount = 0, subscriberCount = 0

2024-07-12 23:13:05,646 INFO toNotifyTaskSize = 0

2024-07-12 23:13:05,646 INFO toClientNotifyTaskSize = 0

2024-07-12 23:13:05,661 INFO [long-pulling] client count 0

2024-07-12 23:13:15,659 INFO groupCount = 1, subscriberClientCount = 0, subscriberCount = 0

2024-07-12 23:13:15,659 INFO toNotifyTaskSize = 0

2024-07-12 23:13:15,659 INFO toClientNotifyTaskSize = 0

2024-07-12 23:13:15,675 INFO [long-pulling] client count 0

2024-07-12 23:13:25,665 INFO toNotifyTaskSize = 0

2024-07-12 23:13:25,665 INFO groupCount = 1, subscriberClientCount = 0, subscriberCount = 0

2024-07-12 23:13:25,665 INFO toClientNotifyTaskSize = 0

2024-07-12 23:13:25,681 INFO [long-pulling] client count 0

2024-07-12 23:13:35,677 INFO toNotifyTaskSize = 0

2024-07-12 23:13:35,677 INFO groupCount = 1, subscriberClientCount = 0, subscriberCount = 0

2024-07-12 23:13:35,677 INFO toClientNotifyTaskSize = 0

2024-07-12 23:13:35,693 INFO [long-pulling] client count 0

2024-07-12 23:13:45,687 INFO groupCount = 1, subscriberClientCount = 0, subscriberCount = 0

2024-07-12 23:13:45,687 INFO toNotifyTaskSize = 0

2024-07-12 23:13:45,687 INFO toClientNotifyTaskSize = 0

2024-07-12 23:13:45,703 INFO [long-pulling] client count 0

2024-07-12 23:13:55,693 INFO groupCount = 1, subscriberClientCount = 0, subscriberCount = 0

2024-07-12 23:13:55,693 INFO toNotifyTaskSize = 0

2024-07-12 23:13:55,693 INFO toClientNotifyTaskSize = 0

2024-07-12 23:13:55,709 INFO [long-pulling] client count 0

2024-07-12 23:14:05,703 INFO groupCount = 1, subscriberClientCount = 0, subscriberCount = 0

2024-07-12 23:14:05,703 INFO toNotifyTaskSize = 0

2024-07-12 23:14:05,703 INFO toClientNotifyTaskSize = 0

2024-07-12 23:14:05,719 INFO [long-pulling] client count 0

2024-07-12 23:14:15,709 INFO groupCount = 1, subscriberClientCount = 0, subscriberCount = 0

2024-07-12 23:14:15,709 INFO toNotifyTaskSize = 0

2024-07-12 23:14:15,709 INFO toClientNotifyTaskSize = 0

2024-07-12 23:14:15,725 INFO [long-pulling] client count 0

2024-07-12 23:14:25,722 INFO groupCount = 1, subscriberClientCount = 0, subscriberCount = 0

2024-07-12 23:14:25,722 INFO toNotifyTaskSize = 0

2024-07-12 23:14:25,722 INFO toClientNotifyTaskSize = 0

2024-07-12 23:14:25,738 INFO [long-pulling] client count 0

2024-07-12 23:14:35,724 INFO groupCount = 1, subscriberClientCount = 0, subscriberCount = 0

2024-07-12 23:14:35,724 INFO toNotifyTaskSize = 0

2024-07-12 23:14:35,724 INFO toClientNotifyTaskSize = 0

2024-07-12 23:14:35,740 INFO [long-pulling] client count 0

2024-07-12 23:14:45,726 INFO groupCount = 1, subscriberClientCount = 0, subscriberCount = 0

2024-07-12 23:14:45,726 INFO toNotifyTaskSize = 0

2024-07-12 23:14:45,726 INFO toClientNotifyTaskSize = 0

2024-07-12 23:14:45,742 INFO [long-pulling] client count 0

2024-07-12 23:14:55,738 INFO groupCount = 1, subscriberClientCount = 0, subscriberCount = 0

2024-07-12 23:14:55,738 INFO toNotifyTaskSize = 0

2024-07-12 23:14:55,738 INFO toClientNotifyTaskSize = 0

2024-07-12 23:14:55,753 INFO [long-pulling] client count 0

2024-07-12 23:15:05,751 INFO groupCount = 1, subscriberClientCount = 0, subscriberCount = 0

2024-07-12 23:15:05,751 INFO toNotifyTaskSize = 0

2024-07-12 23:15:05,751 INFO toClientNotifyTaskSize = 0

2024-07-12 23:15:05,767 INFO [long-pulling] client count 0

2024-07-12 23:15:15,754 INFO groupCount = 1, subscriberClientCount = 0, subscriberCount = 0

2024-07-12 23:15:15,754 INFO toNotifyTaskSize = 0

2024-07-12 23:15:15,754 INFO toClientNotifyTaskSize = 0

2024-07-12 23:15:15,770 INFO [long-pulling] client count 0

2024-07-12 23:15:25,764 INFO toNotifyTaskSize = 0

2024-07-12 23:15:25,764 INFO groupCount = 1, subscriberClientCount = 0, subscriberCount = 0

2024-07-12 23:15:25,764 INFO toClientNotifyTaskSize = 0

2024-07-12 23:15:25,779 INFO [long-pulling] client count 0

2024-07-12 23:15:35,774 INFO groupCount = 1, subscriberClientCount = 0, subscriberCount = 0

2024-07-12 23:15:35,774 INFO toNotifyTaskSize = 0

2024-07-12 23:15:35,774 INFO toClientNotifyTaskSize = 0

2024-07-12 23:15:35,789 INFO [long-pulling] client count 0

2024-07-12 23:15:45,779 INFO groupCount = 1, subscriberClientCount = 0, subscriberCount = 0

2024-07-12 23:15:45,779 INFO toNotifyTaskSize = 0

2024-07-12 23:15:45,779 INFO toClientNotifyTaskSize = 0

2024-07-12 23:15:45,794 INFO [long-pulling] client count 0

2024-07-12 23:15:55,794 INFO toNotifyTaskSize = 0

2024-07-12 23:15:55,794 INFO groupCount = 1, subscriberClientCount = 0, subscriberCount = 0

2024-07-12 23:15:55,794 INFO toClientNotifyTaskSize = 0

2024-07-12 23:15:55,809 INFO [long-pulling] client count 0

2024-07-12 23:16:05,802 INFO groupCount = 1, subscriberClientCount = 0, subscriberCount = 0

2024-07-12 23:16:05,802 INFO toNotifyTaskSize = 0

2024-07-12 23:16:05,802 INFO toClientNotifyTaskSize = 0

2024-07-12 23:16:05,818 INFO [long-pulling] client count 0

2024-07-12 23:16:15,803 INFO groupCount = 1, subscriberClientCount = 0, subscriberCount = 0

2024-07-12 23:16:15,803 INFO toNotifyTaskSize = 0

2024-07-12 23:16:15,803 INFO toClientNotifyTaskSize = 0

2024-07-12 23:16:15,819 INFO [long-pulling] client count 0

2024-07-12 23:16:25,814 INFO groupCount = 1, subscriberClientCount = 0, subscriberCount = 0

2024-07-12 23:16:25,814 INFO toNotifyTaskSize = 0

2024-07-12 23:16:25,814 INFO toClientNotifyTaskSize = 0

2024-07-12 23:16:25,830 INFO [long-pulling] client count 0

2024-07-12 23:16:35,817 INFO groupCount = 1, subscriberClientCount = 0, subscriberCount = 0

2024-07-12 23:16:35,817 INFO toNotifyTaskSize = 0

2024-07-12 23:16:35,817 INFO toClientNotifyTaskSize = 0

2024-07-12 23:16:35,833 INFO [long-pulling] client count 0

2024-07-12 23:16:45,817 INFO groupCount = 1, subscriberClientCount = 0, subscriberCount = 0

2024-07-12 23:16:45,817 INFO toNotifyTaskSize = 0

2024-07-12 23:16:45,817 INFO toClientNotifyTaskSize = 0

2024-07-12 23:16:45,833 INFO [long-pulling] client count 0

2024-07-12 23:16:55,831 INFO groupCount = 1, subscriberClientCount = 0, subscriberCount = 0

2024-07-12 23:16:55,831 INFO toNotifyTaskSize = 0

2024-07-12 23:16:55,831 INFO toClientNotifyTaskSize = 0

2024-07-12 23:16:55,847 INFO [long-pulling] client count 0

2024-07-12 23:17:05,846 INFO groupCount = 1, subscriberClientCount = 0, subscriberCount = 0

2024-07-12 23:17:05,846 INFO toNotifyTaskSize = 0

2024-07-12 23:17:05,846 INFO toClientNotifyTaskSize = 0

2024-07-12 23:17:05,861 INFO [long-pulling] client count 0

2024-07-12 23:17:15,852 INFO toNotifyTaskSize = 0

2024-07-12 23:17:15,852 INFO groupCount = 1, subscriberClientCount = 0, subscriberCount = 0

2024-07-12 23:17:15,852 INFO toClientNotifyTaskSize = 0

2024-07-12 23:17:15,867 INFO [long-pulling] client count 0

2024-07-12 23:17:25,857 INFO groupCount = 1, subscriberClientCount = 0, subscriberCount = 0

2024-07-12 23:17:25,857 INFO toNotifyTaskSize = 0

2024-07-12 23:17:25,857 INFO toClientNotifyTaskSize = 0

2024-07-12 23:17:25,873 INFO [long-pulling] client count 0

2024-07-12 23:17:35,872 INFO groupCount = 1, subscriberClientCount = 0, subscriberCount = 0

2024-07-12 23:17:35,872 INFO toNotifyTaskSize = 0

2024-07-12 23:17:35,872 INFO toClientNotifyTaskSize = 0

2024-07-12 23:17:35,888 INFO [long-pulling] client count 0

2024-07-12 23:17:45,879 INFO groupCount = 1, subscriberClientCount = 0, subscriberCount = 0

2024-07-12 23:17:45,879 INFO toNotifyTaskSize = 0

2024-07-12 23:17:45,879 INFO toClientNotifyTaskSize = 0

2024-07-12 23:17:45,894 INFO [long-pulling] client count 0

2024-07-12 23:17:55,880 INFO groupCount = 1, subscriberClientCount = 0, subscriberCount = 0

2024-07-12 23:17:55,880 INFO toNotifyTaskSize = 0

2024-07-12 23:17:55,880 INFO toClientNotifyTaskSize = 0

2024-07-12 23:17:55,896 INFO [long-pulling] client count 0

2024-07-12 23:18:05,882 INFO toNotifyTaskSize = 0

2024-07-12 23:18:05,882 INFO groupCount = 1, subscriberClientCount = 0, subscriberCount = 0

2024-07-12 23:18:05,882 INFO toClientNotifyTaskSize = 0

2024-07-12 23:18:05,898 INFO [long-pulling] client count 0

2024-07-12 23:18:15,884 INFO groupCount = 1, subscriberClientCount = 0, subscriberCount = 0

2024-07-12 23:18:15,884 INFO toNotifyTaskSize = 0

2024-07-12 23:18:15,884 INFO toClientNotifyTaskSize = 0

2024-07-12 23:18:15,899 INFO [long-pulling] client count 0

2024-07-12 23:18:25,899 INFO groupCount = 1, subscriberClientCount = 0, subscriberCount = 0

2024-07-12 23:18:25,899 INFO toNotifyTaskSize = 0

2024-07-12 23:18:25,899 INFO toClientNotifyTaskSize = 0

2024-07-12 23:18:25,915 INFO [long-pulling] client count 0

2024-07-12 23:18:35,911 INFO groupCount = 1, subscriberClientCount = 0, subscriberCount = 0

2024-07-12 23:18:35,911 INFO toNotifyTaskSize = 0

2024-07-12 23:18:35,911 INFO toClientNotifyTaskSize = 0

2024-07-12 23:18:35,926 INFO [long-pulling] client count 0

2024-07-12 23:18:45,920 INFO groupCount = 1, subscriberClientCount = 0, subscriberCount = 0

2024-07-12 23:18:45,920 INFO toNotifyTaskSize = 0

2024-07-12 23:18:45,920 INFO toClientNotifyTaskSize = 0

2024-07-12 23:18:45,935 INFO [long-pulling] client count 0

2024-07-12 23:18:55,926 INFO groupCount = 1, subscriberClientCount = 0, subscriberCount = 0

2024-07-12 23:18:55,926 INFO toNotifyTaskSize = 0

2024-07-12 23:18:55,926 INFO toClientNotifyTaskSize = 0

2024-07-12 23:18:55,941 INFO [long-pulling] client count 0

2024-07-12 23:19:05,928 INFO groupCount = 1, subscriberClientCount = 0, subscriberCount = 0

2024-07-12 23:19:05,928 INFO toNotifyTaskSize = 0

2024-07-12 23:19:05,928 INFO toClientNotifyTaskSize = 0

2024-07-12 23:19:05,944 INFO [long-pulling] client count 0

2024-07-12 23:19:15,939 INFO toNotifyTaskSize = 0

2024-07-12 23:19:15,939 INFO groupCount = 1, subscriberClientCount = 0, subscriberCount = 0

2024-07-12 23:19:15,939 INFO toClientNotifyTaskSize = 0

2024-07-12 23:19:15,955 INFO [long-pulling] client count 0

