2024-07-13 16:55:32,752 INFO use local db service for init

2024-07-13 16:55:33,287 WARN Lexical error at line 4, column 66.  Encountered: <EOF> after : "".

2024-07-13 16:55:33,293 WARN Syntax error: Encountered "*" at line 1, column 1.

2024-07-13 16:55:33,337 WARN Table/View 'CONFIG_INFO' already exists in Schema 'NACOS'.

2024-07-13 16:55:33,384 WARN Table/View 'HIS_CONFIG_INFO' already exists in Schema 'NACOS'.

2024-07-13 16:55:33,409 WARN Table/View 'CONFIG_INFO_BETA' already exists in Schema 'NACOS'.

2024-07-13 16:55:33,422 WARN Table/View 'CONFIG_INFO_TAG' already exists in Schema 'NACOS'.

2024-07-13 16:55:33,436 WARN Table/View 'CONFIG_INFO_AGGR' already exists in Schema 'NACOS'.

2024-07-13 16:55:33,451 WARN Table/View 'APP_LIST' already exists in Schema 'NACOS'.

2024-07-13 16:55:33,463 WARN Table/View 'APP_CONFIGDATA_RELATION_SUBS' already exists in Schema 'NACOS'.

2024-07-13 16:55:33,474 WARN Table/View 'APP_CONFIGDATA_RELATION_PUBS' already exists in Schema 'NACOS'.

2024-07-13 16:55:33,487 WARN Table/View 'CONFIG_TAGS_RELATION' already exists in Schema 'NACOS'.

2024-07-13 16:55:33,504 WARN Table/View 'GROUP_CAPACITY' already exists in Schema 'NACOS'.

2024-07-13 16:55:33,517 WARN Table/View 'TENANT_CAPACITY' already exists in Schema 'NACOS'.

2024-07-13 16:55:33,527 WARN Table/View 'TENANT_INFO' already exists in Schema 'NACOS'.

2024-07-13 16:55:33,542 WARN Table/View 'USERS' already exists in Schema 'NACOS'.

2024-07-13 16:55:33,554 WARN Table/View 'ROLES' already exists in Schema 'NACOS'.

2024-07-13 16:55:33,566 WARN Table/View 'PERMISSIONS' already exists in Schema 'NACOS'.

2024-07-13 16:55:33,613 WARN The statement was aborted because it would have caused a duplicate key value in a unique or primary key constraint or unique index identified by 'SQL240712222630730' defined on 'USERS'.

2024-07-13 16:55:33,618 WARN The statement was aborted because it would have caused a duplicate key value in a unique or primary key constraint or unique index identified by 'UK_USERNAME_ROLE' defined on 'ROLES'.

2024-07-13 16:55:33,619 WARN Lexical error at line 4, column 13.  Encountered: "`" (96), after : "".

2024-07-13 16:55:33,619 WARN Lexical error at line 1, column 13.  Encountered: "`" (96), after : "".

2024-07-13 16:55:33,619 WARN Lexical error at line 1, column 13.  Encountered: "`" (96), after : "".

2024-07-13 16:55:33,620 WARN Lexical error at line 1, column 13.  Encountered: "`" (96), after : "".

2024-07-13 16:55:33,620 INFO use StandaloneDatabaseOperateImpl

