2024-07-12 22:27:01,783 INFO PERFORMANCE:|serviceCount|ipCount|subscribeCount|maxPushCost|avgPushCost|totalPushCount|failPushCount

2024-07-12 22:27:01,783 INFO DISTRO:|V1SyncDone|V1SyncFail|V2SyncDone|V2SyncFail|V2VerifyFail|

2024-07-12 22:27:01,783 INFO PERFORMANCE:|0|0|0|-1|-1|0|0

2024-07-12 22:27:01,790 INFO Task worker status: 
naming_0%32, pending tasks: 0
naming_1%32, pending tasks: 0
naming_2%32, pending tasks: 0
naming_3%32, pending tasks: 0
naming_4%32, pending tasks: 0
naming_5%32, pending tasks: 0
naming_6%32, pending tasks: 0
naming_7%32, pending tasks: 0
naming_8%32, pending tasks: 0
naming_9%32, pending tasks: 0
naming_10%32, pending tasks: 0
naming_11%32, pending tasks: 0
naming_12%32, pending tasks: 0
naming_13%32, pending tasks: 0
naming_14%32, pending tasks: 0
naming_15%32, pending tasks: 0
naming_16%32, pending tasks: 0
naming_17%32, pending tasks: 0
naming_18%32, pending tasks: 0
naming_19%32, pending tasks: 0
naming_20%32, pending tasks: 0
naming_21%32, pending tasks: 0
naming_22%32, pending tasks: 0
naming_23%32, pending tasks: 0
naming_24%32, pending tasks: 0
naming_25%32, pending tasks: 0
naming_26%32, pending tasks: 0
naming_27%32, pending tasks: 0
naming_28%32, pending tasks: 0
naming_29%32, pending tasks: 0
naming_30%32, pending tasks: 0
naming_31%32, pending tasks: 0


2024-07-12 22:27:01,791 INFO DISTRO:|0|0|0|

2024-07-12 22:33:34,563 INFO PERFORMANCE:|serviceCount|ipCount|subscribeCount|maxPushCost|avgPushCost|totalPushCount|failPushCount

2024-07-12 22:33:34,563 INFO DISTRO:|V1SyncDone|V1SyncFail|V2SyncDone|V2SyncFail|V2VerifyFail|

2024-07-12 22:33:34,563 INFO PERFORMANCE:|0|0|0|-1|-1|0|0

2024-07-12 22:33:34,567 INFO Task worker status: 
naming_0%32, pending tasks: 0
naming_1%32, pending tasks: 0
naming_2%32, pending tasks: 0
naming_3%32, pending tasks: 0
naming_4%32, pending tasks: 0
naming_5%32, pending tasks: 0
naming_6%32, pending tasks: 0
naming_7%32, pending tasks: 0
naming_8%32, pending tasks: 0
naming_9%32, pending tasks: 0
naming_10%32, pending tasks: 0
naming_11%32, pending tasks: 0
naming_12%32, pending tasks: 0
naming_13%32, pending tasks: 0
naming_14%32, pending tasks: 0
naming_15%32, pending tasks: 0
naming_16%32, pending tasks: 0
naming_17%32, pending tasks: 0
naming_18%32, pending tasks: 0
naming_19%32, pending tasks: 0
naming_20%32, pending tasks: 0
naming_21%32, pending tasks: 0
naming_22%32, pending tasks: 0
naming_23%32, pending tasks: 0
naming_24%32, pending tasks: 0
naming_25%32, pending tasks: 0
naming_26%32, pending tasks: 0
naming_27%32, pending tasks: 0
naming_28%32, pending tasks: 0
naming_29%32, pending tasks: 0
naming_30%32, pending tasks: 0
naming_31%32, pending tasks: 0


2024-07-12 22:33:34,568 INFO DISTRO:|0|0|0|

2024-07-12 22:34:34,569 INFO PERFORMANCE:|0|0|0|-1|-1|0|0

2024-07-12 22:34:34,569 INFO Task worker status: 
naming_0%32, pending tasks: 0
naming_1%32, pending tasks: 0
naming_2%32, pending tasks: 0
naming_3%32, pending tasks: 0
naming_4%32, pending tasks: 0
naming_5%32, pending tasks: 0
naming_6%32, pending tasks: 0
naming_7%32, pending tasks: 0
naming_8%32, pending tasks: 0
naming_9%32, pending tasks: 0
naming_10%32, pending tasks: 0
naming_11%32, pending tasks: 0
naming_12%32, pending tasks: 0
naming_13%32, pending tasks: 0
naming_14%32, pending tasks: 0
naming_15%32, pending tasks: 0
naming_16%32, pending tasks: 0
naming_17%32, pending tasks: 0
naming_18%32, pending tasks: 0
naming_19%32, pending tasks: 0
naming_20%32, pending tasks: 0
naming_21%32, pending tasks: 0
naming_22%32, pending tasks: 0
naming_23%32, pending tasks: 0
naming_24%32, pending tasks: 0
naming_25%32, pending tasks: 0
naming_26%32, pending tasks: 0
naming_27%32, pending tasks: 0
naming_28%32, pending tasks: 0
naming_29%32, pending tasks: 0
naming_30%32, pending tasks: 0
naming_31%32, pending tasks: 0


2024-07-12 22:34:34,569 INFO DISTRO:|0|0|0|

2024-07-12 22:35:34,577 INFO PERFORMANCE:|0|0|0|-1|-1|0|0

2024-07-12 22:35:34,577 INFO Task worker status: 
naming_0%32, pending tasks: 0
naming_1%32, pending tasks: 0
naming_2%32, pending tasks: 0
naming_3%32, pending tasks: 0
naming_4%32, pending tasks: 0
naming_5%32, pending tasks: 0
naming_6%32, pending tasks: 0
naming_7%32, pending tasks: 0
naming_8%32, pending tasks: 0
naming_9%32, pending tasks: 0
naming_10%32, pending tasks: 0
naming_11%32, pending tasks: 0
naming_12%32, pending tasks: 0
naming_13%32, pending tasks: 0
naming_14%32, pending tasks: 0
naming_15%32, pending tasks: 0
naming_16%32, pending tasks: 0
naming_17%32, pending tasks: 0
naming_18%32, pending tasks: 0
naming_19%32, pending tasks: 0
naming_20%32, pending tasks: 0
naming_21%32, pending tasks: 0
naming_22%32, pending tasks: 0
naming_23%32, pending tasks: 0
naming_24%32, pending tasks: 0
naming_25%32, pending tasks: 0
naming_26%32, pending tasks: 0
naming_27%32, pending tasks: 0
naming_28%32, pending tasks: 0
naming_29%32, pending tasks: 0
naming_30%32, pending tasks: 0
naming_31%32, pending tasks: 0


2024-07-12 22:35:34,577 INFO DISTRO:|0|0|0|

2024-07-12 22:36:34,590 INFO PERFORMANCE:|0|0|0|-1|-1|0|0

2024-07-12 22:36:34,590 INFO Task worker status: 
naming_0%32, pending tasks: 0
naming_1%32, pending tasks: 0
naming_2%32, pending tasks: 0
naming_3%32, pending tasks: 0
naming_4%32, pending tasks: 0
naming_5%32, pending tasks: 0
naming_6%32, pending tasks: 0
naming_7%32, pending tasks: 0
naming_8%32, pending tasks: 0
naming_9%32, pending tasks: 0
naming_10%32, pending tasks: 0
naming_11%32, pending tasks: 0
naming_12%32, pending tasks: 0
naming_13%32, pending tasks: 0
naming_14%32, pending tasks: 0
naming_15%32, pending tasks: 0
naming_16%32, pending tasks: 0
naming_17%32, pending tasks: 0
naming_18%32, pending tasks: 0
naming_19%32, pending tasks: 0
naming_20%32, pending tasks: 0
naming_21%32, pending tasks: 0
naming_22%32, pending tasks: 0
naming_23%32, pending tasks: 0
naming_24%32, pending tasks: 0
naming_25%32, pending tasks: 0
naming_26%32, pending tasks: 0
naming_27%32, pending tasks: 0
naming_28%32, pending tasks: 0
naming_29%32, pending tasks: 0
naming_30%32, pending tasks: 0
naming_31%32, pending tasks: 0


2024-07-12 22:36:34,590 INFO DISTRO:|0|0|0|

2024-07-12 22:37:34,593 INFO PERFORMANCE:|0|0|0|-1|-1|0|0

2024-07-12 22:37:34,593 INFO Task worker status: 
naming_0%32, pending tasks: 0
naming_1%32, pending tasks: 0
naming_2%32, pending tasks: 0
naming_3%32, pending tasks: 0
naming_4%32, pending tasks: 0
naming_5%32, pending tasks: 0
naming_6%32, pending tasks: 0
naming_7%32, pending tasks: 0
naming_8%32, pending tasks: 0
naming_9%32, pending tasks: 0
naming_10%32, pending tasks: 0
naming_11%32, pending tasks: 0
naming_12%32, pending tasks: 0
naming_13%32, pending tasks: 0
naming_14%32, pending tasks: 0
naming_15%32, pending tasks: 0
naming_16%32, pending tasks: 0
naming_17%32, pending tasks: 0
naming_18%32, pending tasks: 0
naming_19%32, pending tasks: 0
naming_20%32, pending tasks: 0
naming_21%32, pending tasks: 0
naming_22%32, pending tasks: 0
naming_23%32, pending tasks: 0
naming_24%32, pending tasks: 0
naming_25%32, pending tasks: 0
naming_26%32, pending tasks: 0
naming_27%32, pending tasks: 0
naming_28%32, pending tasks: 0
naming_29%32, pending tasks: 0
naming_30%32, pending tasks: 0
naming_31%32, pending tasks: 0


2024-07-12 22:37:34,593 INFO DISTRO:|0|0|0|

2024-07-12 22:38:34,600 INFO PERFORMANCE:|0|0|0|-1|-1|0|0

2024-07-12 22:38:34,600 INFO Task worker status: 
naming_0%32, pending tasks: 0
naming_1%32, pending tasks: 0
naming_2%32, pending tasks: 0
naming_3%32, pending tasks: 0
naming_4%32, pending tasks: 0
naming_5%32, pending tasks: 0
naming_6%32, pending tasks: 0
naming_7%32, pending tasks: 0
naming_8%32, pending tasks: 0
naming_9%32, pending tasks: 0
naming_10%32, pending tasks: 0
naming_11%32, pending tasks: 0
naming_12%32, pending tasks: 0
naming_13%32, pending tasks: 0
naming_14%32, pending tasks: 0
naming_15%32, pending tasks: 0
naming_16%32, pending tasks: 0
naming_17%32, pending tasks: 0
naming_18%32, pending tasks: 0
naming_19%32, pending tasks: 0
naming_20%32, pending tasks: 0
naming_21%32, pending tasks: 0
naming_22%32, pending tasks: 0
naming_23%32, pending tasks: 0
naming_24%32, pending tasks: 0
naming_25%32, pending tasks: 0
naming_26%32, pending tasks: 0
naming_27%32, pending tasks: 0
naming_28%32, pending tasks: 0
naming_29%32, pending tasks: 0
naming_30%32, pending tasks: 0
naming_31%32, pending tasks: 0


2024-07-12 22:38:34,600 INFO DISTRO:|0|0|0|

2024-07-12 22:39:34,604 INFO PERFORMANCE:|0|0|0|-1|-1|0|0

2024-07-12 22:39:34,604 INFO Task worker status: 
naming_0%32, pending tasks: 0
naming_1%32, pending tasks: 0
naming_2%32, pending tasks: 0
naming_3%32, pending tasks: 0
naming_4%32, pending tasks: 0
naming_5%32, pending tasks: 0
naming_6%32, pending tasks: 0
naming_7%32, pending tasks: 0
naming_8%32, pending tasks: 0
naming_9%32, pending tasks: 0
naming_10%32, pending tasks: 0
naming_11%32, pending tasks: 0
naming_12%32, pending tasks: 0
naming_13%32, pending tasks: 0
naming_14%32, pending tasks: 0
naming_15%32, pending tasks: 0
naming_16%32, pending tasks: 0
naming_17%32, pending tasks: 0
naming_18%32, pending tasks: 0
naming_19%32, pending tasks: 0
naming_20%32, pending tasks: 0
naming_21%32, pending tasks: 0
naming_22%32, pending tasks: 0
naming_23%32, pending tasks: 0
naming_24%32, pending tasks: 0
naming_25%32, pending tasks: 0
naming_26%32, pending tasks: 0
naming_27%32, pending tasks: 0
naming_28%32, pending tasks: 0
naming_29%32, pending tasks: 0
naming_30%32, pending tasks: 0
naming_31%32, pending tasks: 0


2024-07-12 22:39:34,604 INFO DISTRO:|0|0|0|

2024-07-12 22:40:34,616 INFO PERFORMANCE:|0|0|0|-1|-1|0|0

2024-07-12 22:40:34,616 INFO Task worker status: 
naming_0%32, pending tasks: 0
naming_1%32, pending tasks: 0
naming_2%32, pending tasks: 0
naming_3%32, pending tasks: 0
naming_4%32, pending tasks: 0
naming_5%32, pending tasks: 0
naming_6%32, pending tasks: 0
naming_7%32, pending tasks: 0
naming_8%32, pending tasks: 0
naming_9%32, pending tasks: 0
naming_10%32, pending tasks: 0
naming_11%32, pending tasks: 0
naming_12%32, pending tasks: 0
naming_13%32, pending tasks: 0
naming_14%32, pending tasks: 0
naming_15%32, pending tasks: 0
naming_16%32, pending tasks: 0
naming_17%32, pending tasks: 0
naming_18%32, pending tasks: 0
naming_19%32, pending tasks: 0
naming_20%32, pending tasks: 0
naming_21%32, pending tasks: 0
naming_22%32, pending tasks: 0
naming_23%32, pending tasks: 0
naming_24%32, pending tasks: 0
naming_25%32, pending tasks: 0
naming_26%32, pending tasks: 0
naming_27%32, pending tasks: 0
naming_28%32, pending tasks: 0
naming_29%32, pending tasks: 0
naming_30%32, pending tasks: 0
naming_31%32, pending tasks: 0


2024-07-12 22:40:34,616 INFO DISTRO:|0|0|0|

2024-07-12 22:41:34,625 INFO PERFORMANCE:|0|0|0|-1|-1|0|0

2024-07-12 22:41:34,625 INFO Task worker status: 
naming_0%32, pending tasks: 0
naming_1%32, pending tasks: 0
naming_2%32, pending tasks: 0
naming_3%32, pending tasks: 0
naming_4%32, pending tasks: 0
naming_5%32, pending tasks: 0
naming_6%32, pending tasks: 0
naming_7%32, pending tasks: 0
naming_8%32, pending tasks: 0
naming_9%32, pending tasks: 0
naming_10%32, pending tasks: 0
naming_11%32, pending tasks: 0
naming_12%32, pending tasks: 0
naming_13%32, pending tasks: 0
naming_14%32, pending tasks: 0
naming_15%32, pending tasks: 0
naming_16%32, pending tasks: 0
naming_17%32, pending tasks: 0
naming_18%32, pending tasks: 0
naming_19%32, pending tasks: 0
naming_20%32, pending tasks: 0
naming_21%32, pending tasks: 0
naming_22%32, pending tasks: 0
naming_23%32, pending tasks: 0
naming_24%32, pending tasks: 0
naming_25%32, pending tasks: 0
naming_26%32, pending tasks: 0
naming_27%32, pending tasks: 0
naming_28%32, pending tasks: 0
naming_29%32, pending tasks: 0
naming_30%32, pending tasks: 0
naming_31%32, pending tasks: 0


2024-07-12 22:41:34,625 INFO DISTRO:|0|0|0|

2024-07-12 22:42:34,637 INFO PERFORMANCE:|0|0|0|-1|-1|0|0

2024-07-12 22:42:34,637 INFO Task worker status: 
naming_0%32, pending tasks: 0
naming_1%32, pending tasks: 0
naming_2%32, pending tasks: 0
naming_3%32, pending tasks: 0
naming_4%32, pending tasks: 0
naming_5%32, pending tasks: 0
naming_6%32, pending tasks: 0
naming_7%32, pending tasks: 0
naming_8%32, pending tasks: 0
naming_9%32, pending tasks: 0
naming_10%32, pending tasks: 0
naming_11%32, pending tasks: 0
naming_12%32, pending tasks: 0
naming_13%32, pending tasks: 0
naming_14%32, pending tasks: 0
naming_15%32, pending tasks: 0
naming_16%32, pending tasks: 0
naming_17%32, pending tasks: 0
naming_18%32, pending tasks: 0
naming_19%32, pending tasks: 0
naming_20%32, pending tasks: 0
naming_21%32, pending tasks: 0
naming_22%32, pending tasks: 0
naming_23%32, pending tasks: 0
naming_24%32, pending tasks: 0
naming_25%32, pending tasks: 0
naming_26%32, pending tasks: 0
naming_27%32, pending tasks: 0
naming_28%32, pending tasks: 0
naming_29%32, pending tasks: 0
naming_30%32, pending tasks: 0
naming_31%32, pending tasks: 0


2024-07-12 22:42:34,637 INFO DISTRO:|0|0|0|

2024-07-12 22:43:34,650 INFO PERFORMANCE:|serviceCount|ipCount|subscribeCount|maxPushCost|avgPushCost|totalPushCount|failPushCount

2024-07-12 22:43:34,650 INFO DISTRO:|V1SyncDone|V1SyncFail|V2SyncDone|V2SyncFail|V2VerifyFail|

2024-07-12 22:43:34,650 INFO PERFORMANCE:|0|0|0|-1|-1|0|0

2024-07-12 22:43:34,650 INFO Task worker status: 
naming_0%32, pending tasks: 0
naming_1%32, pending tasks: 0
naming_2%32, pending tasks: 0
naming_3%32, pending tasks: 0
naming_4%32, pending tasks: 0
naming_5%32, pending tasks: 0
naming_6%32, pending tasks: 0
naming_7%32, pending tasks: 0
naming_8%32, pending tasks: 0
naming_9%32, pending tasks: 0
naming_10%32, pending tasks: 0
naming_11%32, pending tasks: 0
naming_12%32, pending tasks: 0
naming_13%32, pending tasks: 0
naming_14%32, pending tasks: 0
naming_15%32, pending tasks: 0
naming_16%32, pending tasks: 0
naming_17%32, pending tasks: 0
naming_18%32, pending tasks: 0
naming_19%32, pending tasks: 0
naming_20%32, pending tasks: 0
naming_21%32, pending tasks: 0
naming_22%32, pending tasks: 0
naming_23%32, pending tasks: 0
naming_24%32, pending tasks: 0
naming_25%32, pending tasks: 0
naming_26%32, pending tasks: 0
naming_27%32, pending tasks: 0
naming_28%32, pending tasks: 0
naming_29%32, pending tasks: 0
naming_30%32, pending tasks: 0
naming_31%32, pending tasks: 0


2024-07-12 22:43:34,650 INFO DISTRO:|0|0|0|

2024-07-12 22:44:34,653 INFO PERFORMANCE:|0|0|0|-1|-1|0|0

2024-07-12 22:44:34,653 INFO Task worker status: 
naming_0%32, pending tasks: 0
naming_1%32, pending tasks: 0
naming_2%32, pending tasks: 0
naming_3%32, pending tasks: 0
naming_4%32, pending tasks: 0
naming_5%32, pending tasks: 0
naming_6%32, pending tasks: 0
naming_7%32, pending tasks: 0
naming_8%32, pending tasks: 0
naming_9%32, pending tasks: 0
naming_10%32, pending tasks: 0
naming_11%32, pending tasks: 0
naming_12%32, pending tasks: 0
naming_13%32, pending tasks: 0
naming_14%32, pending tasks: 0
naming_15%32, pending tasks: 0
naming_16%32, pending tasks: 0
naming_17%32, pending tasks: 0
naming_18%32, pending tasks: 0
naming_19%32, pending tasks: 0
naming_20%32, pending tasks: 0
naming_21%32, pending tasks: 0
naming_22%32, pending tasks: 0
naming_23%32, pending tasks: 0
naming_24%32, pending tasks: 0
naming_25%32, pending tasks: 0
naming_26%32, pending tasks: 0
naming_27%32, pending tasks: 0
naming_28%32, pending tasks: 0
naming_29%32, pending tasks: 0
naming_30%32, pending tasks: 0
naming_31%32, pending tasks: 0


2024-07-12 22:44:34,653 INFO DISTRO:|0|0|0|

2024-07-12 22:45:34,654 INFO PERFORMANCE:|0|0|0|-1|-1|0|0

2024-07-12 22:45:34,654 INFO Task worker status: 
naming_0%32, pending tasks: 0
naming_1%32, pending tasks: 0
naming_2%32, pending tasks: 0
naming_3%32, pending tasks: 0
naming_4%32, pending tasks: 0
naming_5%32, pending tasks: 0
naming_6%32, pending tasks: 0
naming_7%32, pending tasks: 0
naming_8%32, pending tasks: 0
naming_9%32, pending tasks: 0
naming_10%32, pending tasks: 0
naming_11%32, pending tasks: 0
naming_12%32, pending tasks: 0
naming_13%32, pending tasks: 0
naming_14%32, pending tasks: 0
naming_15%32, pending tasks: 0
naming_16%32, pending tasks: 0
naming_17%32, pending tasks: 0
naming_18%32, pending tasks: 0
naming_19%32, pending tasks: 0
naming_20%32, pending tasks: 0
naming_21%32, pending tasks: 0
naming_22%32, pending tasks: 0
naming_23%32, pending tasks: 0
naming_24%32, pending tasks: 0
naming_25%32, pending tasks: 0
naming_26%32, pending tasks: 0
naming_27%32, pending tasks: 0
naming_28%32, pending tasks: 0
naming_29%32, pending tasks: 0
naming_30%32, pending tasks: 0
naming_31%32, pending tasks: 0


2024-07-12 22:45:34,654 INFO DISTRO:|0|0|0|

2024-07-12 22:46:34,655 INFO PERFORMANCE:|0|0|0|-1|-1|0|0

2024-07-12 22:46:34,655 INFO Task worker status: 
naming_0%32, pending tasks: 0
naming_1%32, pending tasks: 0
naming_2%32, pending tasks: 0
naming_3%32, pending tasks: 0
naming_4%32, pending tasks: 0
naming_5%32, pending tasks: 0
naming_6%32, pending tasks: 0
naming_7%32, pending tasks: 0
naming_8%32, pending tasks: 0
naming_9%32, pending tasks: 0
naming_10%32, pending tasks: 0
naming_11%32, pending tasks: 0
naming_12%32, pending tasks: 0
naming_13%32, pending tasks: 0
naming_14%32, pending tasks: 0
naming_15%32, pending tasks: 0
naming_16%32, pending tasks: 0
naming_17%32, pending tasks: 0
naming_18%32, pending tasks: 0
naming_19%32, pending tasks: 0
naming_20%32, pending tasks: 0
naming_21%32, pending tasks: 0
naming_22%32, pending tasks: 0
naming_23%32, pending tasks: 0
naming_24%32, pending tasks: 0
naming_25%32, pending tasks: 0
naming_26%32, pending tasks: 0
naming_27%32, pending tasks: 0
naming_28%32, pending tasks: 0
naming_29%32, pending tasks: 0
naming_30%32, pending tasks: 0
naming_31%32, pending tasks: 0


2024-07-12 22:46:34,655 INFO DISTRO:|0|0|0|

2024-07-12 22:47:34,670 INFO PERFORMANCE:|0|0|0|-1|-1|0|0

2024-07-12 22:47:34,670 INFO Task worker status: 
naming_0%32, pending tasks: 0
naming_1%32, pending tasks: 0
naming_2%32, pending tasks: 0
naming_3%32, pending tasks: 0
naming_4%32, pending tasks: 0
naming_5%32, pending tasks: 0
naming_6%32, pending tasks: 0
naming_7%32, pending tasks: 0
naming_8%32, pending tasks: 0
naming_9%32, pending tasks: 0
naming_10%32, pending tasks: 0
naming_11%32, pending tasks: 0
naming_12%32, pending tasks: 0
naming_13%32, pending tasks: 0
naming_14%32, pending tasks: 0
naming_15%32, pending tasks: 0
naming_16%32, pending tasks: 0
naming_17%32, pending tasks: 0
naming_18%32, pending tasks: 0
naming_19%32, pending tasks: 0
naming_20%32, pending tasks: 0
naming_21%32, pending tasks: 0
naming_22%32, pending tasks: 0
naming_23%32, pending tasks: 0
naming_24%32, pending tasks: 0
naming_25%32, pending tasks: 0
naming_26%32, pending tasks: 0
naming_27%32, pending tasks: 0
naming_28%32, pending tasks: 0
naming_29%32, pending tasks: 0
naming_30%32, pending tasks: 0
naming_31%32, pending tasks: 0


2024-07-12 22:47:34,670 INFO DISTRO:|0|0|0|

2024-07-12 22:48:34,673 INFO PERFORMANCE:|0|0|0|-1|-1|0|0

2024-07-12 22:48:34,673 INFO Task worker status: 
naming_0%32, pending tasks: 0
naming_1%32, pending tasks: 0
naming_2%32, pending tasks: 0
naming_3%32, pending tasks: 0
naming_4%32, pending tasks: 0
naming_5%32, pending tasks: 0
naming_6%32, pending tasks: 0
naming_7%32, pending tasks: 0
naming_8%32, pending tasks: 0
naming_9%32, pending tasks: 0
naming_10%32, pending tasks: 0
naming_11%32, pending tasks: 0
naming_12%32, pending tasks: 0
naming_13%32, pending tasks: 0
naming_14%32, pending tasks: 0
naming_15%32, pending tasks: 0
naming_16%32, pending tasks: 0
naming_17%32, pending tasks: 0
naming_18%32, pending tasks: 0
naming_19%32, pending tasks: 0
naming_20%32, pending tasks: 0
naming_21%32, pending tasks: 0
naming_22%32, pending tasks: 0
naming_23%32, pending tasks: 0
naming_24%32, pending tasks: 0
naming_25%32, pending tasks: 0
naming_26%32, pending tasks: 0
naming_27%32, pending tasks: 0
naming_28%32, pending tasks: 0
naming_29%32, pending tasks: 0
naming_30%32, pending tasks: 0
naming_31%32, pending tasks: 0


2024-07-12 22:48:34,673 INFO DISTRO:|0|0|0|

2024-07-12 22:49:34,684 INFO PERFORMANCE:|0|0|0|-1|-1|0|0

2024-07-12 22:49:34,684 INFO Task worker status: 
naming_0%32, pending tasks: 0
naming_1%32, pending tasks: 0
naming_2%32, pending tasks: 0
naming_3%32, pending tasks: 0
naming_4%32, pending tasks: 0
naming_5%32, pending tasks: 0
naming_6%32, pending tasks: 0
naming_7%32, pending tasks: 0
naming_8%32, pending tasks: 0
naming_9%32, pending tasks: 0
naming_10%32, pending tasks: 0
naming_11%32, pending tasks: 0
naming_12%32, pending tasks: 0
naming_13%32, pending tasks: 0
naming_14%32, pending tasks: 0
naming_15%32, pending tasks: 0
naming_16%32, pending tasks: 0
naming_17%32, pending tasks: 0
naming_18%32, pending tasks: 0
naming_19%32, pending tasks: 0
naming_20%32, pending tasks: 0
naming_21%32, pending tasks: 0
naming_22%32, pending tasks: 0
naming_23%32, pending tasks: 0
naming_24%32, pending tasks: 0
naming_25%32, pending tasks: 0
naming_26%32, pending tasks: 0
naming_27%32, pending tasks: 0
naming_28%32, pending tasks: 0
naming_29%32, pending tasks: 0
naming_30%32, pending tasks: 0
naming_31%32, pending tasks: 0


2024-07-12 22:49:34,684 INFO DISTRO:|0|0|0|

2024-07-12 22:50:34,690 INFO PERFORMANCE:|0|0|0|-1|-1|0|0

2024-07-12 22:50:34,690 INFO Task worker status: 
naming_0%32, pending tasks: 0
naming_1%32, pending tasks: 0
naming_2%32, pending tasks: 0
naming_3%32, pending tasks: 0
naming_4%32, pending tasks: 0
naming_5%32, pending tasks: 0
naming_6%32, pending tasks: 0
naming_7%32, pending tasks: 0
naming_8%32, pending tasks: 0
naming_9%32, pending tasks: 0
naming_10%32, pending tasks: 0
naming_11%32, pending tasks: 0
naming_12%32, pending tasks: 0
naming_13%32, pending tasks: 0
naming_14%32, pending tasks: 0
naming_15%32, pending tasks: 0
naming_16%32, pending tasks: 0
naming_17%32, pending tasks: 0
naming_18%32, pending tasks: 0
naming_19%32, pending tasks: 0
naming_20%32, pending tasks: 0
naming_21%32, pending tasks: 0
naming_22%32, pending tasks: 0
naming_23%32, pending tasks: 0
naming_24%32, pending tasks: 0
naming_25%32, pending tasks: 0
naming_26%32, pending tasks: 0
naming_27%32, pending tasks: 0
naming_28%32, pending tasks: 0
naming_29%32, pending tasks: 0
naming_30%32, pending tasks: 0
naming_31%32, pending tasks: 0


2024-07-12 22:50:34,690 INFO DISTRO:|0|0|0|

2024-07-12 22:51:34,706 INFO PERFORMANCE:|0|0|0|-1|-1|0|0

2024-07-12 22:51:34,706 INFO Task worker status: 
naming_0%32, pending tasks: 0
naming_1%32, pending tasks: 0
naming_2%32, pending tasks: 0
naming_3%32, pending tasks: 0
naming_4%32, pending tasks: 0
naming_5%32, pending tasks: 0
naming_6%32, pending tasks: 0
naming_7%32, pending tasks: 0
naming_8%32, pending tasks: 0
naming_9%32, pending tasks: 0
naming_10%32, pending tasks: 0
naming_11%32, pending tasks: 0
naming_12%32, pending tasks: 0
naming_13%32, pending tasks: 0
naming_14%32, pending tasks: 0
naming_15%32, pending tasks: 0
naming_16%32, pending tasks: 0
naming_17%32, pending tasks: 0
naming_18%32, pending tasks: 0
naming_19%32, pending tasks: 0
naming_20%32, pending tasks: 0
naming_21%32, pending tasks: 0
naming_22%32, pending tasks: 0
naming_23%32, pending tasks: 0
naming_24%32, pending tasks: 0
naming_25%32, pending tasks: 0
naming_26%32, pending tasks: 0
naming_27%32, pending tasks: 0
naming_28%32, pending tasks: 0
naming_29%32, pending tasks: 0
naming_30%32, pending tasks: 0
naming_31%32, pending tasks: 0


2024-07-12 22:51:34,706 INFO DISTRO:|0|0|0|

2024-07-12 22:52:34,708 INFO PERFORMANCE:|0|0|0|-1|-1|0|0

2024-07-12 22:52:34,708 INFO Task worker status: 
naming_0%32, pending tasks: 0
naming_1%32, pending tasks: 0
naming_2%32, pending tasks: 0
naming_3%32, pending tasks: 0
naming_4%32, pending tasks: 0
naming_5%32, pending tasks: 0
naming_6%32, pending tasks: 0
naming_7%32, pending tasks: 0
naming_8%32, pending tasks: 0
naming_9%32, pending tasks: 0
naming_10%32, pending tasks: 0
naming_11%32, pending tasks: 0
naming_12%32, pending tasks: 0
naming_13%32, pending tasks: 0
naming_14%32, pending tasks: 0
naming_15%32, pending tasks: 0
naming_16%32, pending tasks: 0
naming_17%32, pending tasks: 0
naming_18%32, pending tasks: 0
naming_19%32, pending tasks: 0
naming_20%32, pending tasks: 0
naming_21%32, pending tasks: 0
naming_22%32, pending tasks: 0
naming_23%32, pending tasks: 0
naming_24%32, pending tasks: 0
naming_25%32, pending tasks: 0
naming_26%32, pending tasks: 0
naming_27%32, pending tasks: 0
naming_28%32, pending tasks: 0
naming_29%32, pending tasks: 0
naming_30%32, pending tasks: 0
naming_31%32, pending tasks: 0


2024-07-12 22:52:34,708 INFO DISTRO:|0|0|0|

2024-07-12 22:53:34,723 INFO PERFORMANCE:|serviceCount|ipCount|subscribeCount|maxPushCost|avgPushCost|totalPushCount|failPushCount

2024-07-12 22:53:34,723 INFO DISTRO:|V1SyncDone|V1SyncFail|V2SyncDone|V2SyncFail|V2VerifyFail|

2024-07-12 22:53:34,723 INFO PERFORMANCE:|0|0|0|-1|-1|0|0

2024-07-12 22:53:34,723 INFO Task worker status: 
naming_0%32, pending tasks: 0
naming_1%32, pending tasks: 0
naming_2%32, pending tasks: 0
naming_3%32, pending tasks: 0
naming_4%32, pending tasks: 0
naming_5%32, pending tasks: 0
naming_6%32, pending tasks: 0
naming_7%32, pending tasks: 0
naming_8%32, pending tasks: 0
naming_9%32, pending tasks: 0
naming_10%32, pending tasks: 0
naming_11%32, pending tasks: 0
naming_12%32, pending tasks: 0
naming_13%32, pending tasks: 0
naming_14%32, pending tasks: 0
naming_15%32, pending tasks: 0
naming_16%32, pending tasks: 0
naming_17%32, pending tasks: 0
naming_18%32, pending tasks: 0
naming_19%32, pending tasks: 0
naming_20%32, pending tasks: 0
naming_21%32, pending tasks: 0
naming_22%32, pending tasks: 0
naming_23%32, pending tasks: 0
naming_24%32, pending tasks: 0
naming_25%32, pending tasks: 0
naming_26%32, pending tasks: 0
naming_27%32, pending tasks: 0
naming_28%32, pending tasks: 0
naming_29%32, pending tasks: 0
naming_30%32, pending tasks: 0
naming_31%32, pending tasks: 0


2024-07-12 22:53:34,723 INFO DISTRO:|0|0|0|

2024-07-12 22:54:34,723 INFO PERFORMANCE:|0|0|0|-1|-1|0|0

2024-07-12 22:54:34,723 INFO Task worker status: 
naming_0%32, pending tasks: 0
naming_1%32, pending tasks: 0
naming_2%32, pending tasks: 0
naming_3%32, pending tasks: 0
naming_4%32, pending tasks: 0
naming_5%32, pending tasks: 0
naming_6%32, pending tasks: 0
naming_7%32, pending tasks: 0
naming_8%32, pending tasks: 0
naming_9%32, pending tasks: 0
naming_10%32, pending tasks: 0
naming_11%32, pending tasks: 0
naming_12%32, pending tasks: 0
naming_13%32, pending tasks: 0
naming_14%32, pending tasks: 0
naming_15%32, pending tasks: 0
naming_16%32, pending tasks: 0
naming_17%32, pending tasks: 0
naming_18%32, pending tasks: 0
naming_19%32, pending tasks: 0
naming_20%32, pending tasks: 0
naming_21%32, pending tasks: 0
naming_22%32, pending tasks: 0
naming_23%32, pending tasks: 0
naming_24%32, pending tasks: 0
naming_25%32, pending tasks: 0
naming_26%32, pending tasks: 0
naming_27%32, pending tasks: 0
naming_28%32, pending tasks: 0
naming_29%32, pending tasks: 0
naming_30%32, pending tasks: 0
naming_31%32, pending tasks: 0


2024-07-12 22:54:34,723 INFO DISTRO:|0|0|0|

2024-07-12 22:55:34,727 INFO PERFORMANCE:|0|0|0|-1|-1|0|0

2024-07-12 22:55:34,727 INFO Task worker status: 
naming_0%32, pending tasks: 0
naming_1%32, pending tasks: 0
naming_2%32, pending tasks: 0
naming_3%32, pending tasks: 0
naming_4%32, pending tasks: 0
naming_5%32, pending tasks: 0
naming_6%32, pending tasks: 0
naming_7%32, pending tasks: 0
naming_8%32, pending tasks: 0
naming_9%32, pending tasks: 0
naming_10%32, pending tasks: 0
naming_11%32, pending tasks: 0
naming_12%32, pending tasks: 0
naming_13%32, pending tasks: 0
naming_14%32, pending tasks: 0
naming_15%32, pending tasks: 0
naming_16%32, pending tasks: 0
naming_17%32, pending tasks: 0
naming_18%32, pending tasks: 0
naming_19%32, pending tasks: 0
naming_20%32, pending tasks: 0
naming_21%32, pending tasks: 0
naming_22%32, pending tasks: 0
naming_23%32, pending tasks: 0
naming_24%32, pending tasks: 0
naming_25%32, pending tasks: 0
naming_26%32, pending tasks: 0
naming_27%32, pending tasks: 0
naming_28%32, pending tasks: 0
naming_29%32, pending tasks: 0
naming_30%32, pending tasks: 0
naming_31%32, pending tasks: 0


2024-07-12 22:55:34,727 INFO DISTRO:|0|0|0|

2024-07-12 22:56:34,730 INFO PERFORMANCE:|0|0|0|-1|-1|0|0

2024-07-12 22:56:34,730 INFO Task worker status: 
naming_0%32, pending tasks: 0
naming_1%32, pending tasks: 0
naming_2%32, pending tasks: 0
naming_3%32, pending tasks: 0
naming_4%32, pending tasks: 0
naming_5%32, pending tasks: 0
naming_6%32, pending tasks: 0
naming_7%32, pending tasks: 0
naming_8%32, pending tasks: 0
naming_9%32, pending tasks: 0
naming_10%32, pending tasks: 0
naming_11%32, pending tasks: 0
naming_12%32, pending tasks: 0
naming_13%32, pending tasks: 0
naming_14%32, pending tasks: 0
naming_15%32, pending tasks: 0
naming_16%32, pending tasks: 0
naming_17%32, pending tasks: 0
naming_18%32, pending tasks: 0
naming_19%32, pending tasks: 0
naming_20%32, pending tasks: 0
naming_21%32, pending tasks: 0
naming_22%32, pending tasks: 0
naming_23%32, pending tasks: 0
naming_24%32, pending tasks: 0
naming_25%32, pending tasks: 0
naming_26%32, pending tasks: 0
naming_27%32, pending tasks: 0
naming_28%32, pending tasks: 0
naming_29%32, pending tasks: 0
naming_30%32, pending tasks: 0
naming_31%32, pending tasks: 0


2024-07-12 22:56:34,730 INFO DISTRO:|0|0|0|

2024-07-12 22:57:34,732 INFO PERFORMANCE:|0|0|0|-1|-1|0|0

2024-07-12 22:57:34,732 INFO Task worker status: 
naming_0%32, pending tasks: 0
naming_1%32, pending tasks: 0
naming_2%32, pending tasks: 0
naming_3%32, pending tasks: 0
naming_4%32, pending tasks: 0
naming_5%32, pending tasks: 0
naming_6%32, pending tasks: 0
naming_7%32, pending tasks: 0
naming_8%32, pending tasks: 0
naming_9%32, pending tasks: 0
naming_10%32, pending tasks: 0
naming_11%32, pending tasks: 0
naming_12%32, pending tasks: 0
naming_13%32, pending tasks: 0
naming_14%32, pending tasks: 0
naming_15%32, pending tasks: 0
naming_16%32, pending tasks: 0
naming_17%32, pending tasks: 0
naming_18%32, pending tasks: 0
naming_19%32, pending tasks: 0
naming_20%32, pending tasks: 0
naming_21%32, pending tasks: 0
naming_22%32, pending tasks: 0
naming_23%32, pending tasks: 0
naming_24%32, pending tasks: 0
naming_25%32, pending tasks: 0
naming_26%32, pending tasks: 0
naming_27%32, pending tasks: 0
naming_28%32, pending tasks: 0
naming_29%32, pending tasks: 0
naming_30%32, pending tasks: 0
naming_31%32, pending tasks: 0


2024-07-12 22:57:34,732 INFO DISTRO:|0|0|0|

2024-07-12 22:58:34,745 INFO PERFORMANCE:|0|0|0|-1|-1|0|0

2024-07-12 22:58:34,745 INFO Task worker status: 
naming_0%32, pending tasks: 0
naming_1%32, pending tasks: 0
naming_2%32, pending tasks: 0
naming_3%32, pending tasks: 0
naming_4%32, pending tasks: 0
naming_5%32, pending tasks: 0
naming_6%32, pending tasks: 0
naming_7%32, pending tasks: 0
naming_8%32, pending tasks: 0
naming_9%32, pending tasks: 0
naming_10%32, pending tasks: 0
naming_11%32, pending tasks: 0
naming_12%32, pending tasks: 0
naming_13%32, pending tasks: 0
naming_14%32, pending tasks: 0
naming_15%32, pending tasks: 0
naming_16%32, pending tasks: 0
naming_17%32, pending tasks: 0
naming_18%32, pending tasks: 0
naming_19%32, pending tasks: 0
naming_20%32, pending tasks: 0
naming_21%32, pending tasks: 0
naming_22%32, pending tasks: 0
naming_23%32, pending tasks: 0
naming_24%32, pending tasks: 0
naming_25%32, pending tasks: 0
naming_26%32, pending tasks: 0
naming_27%32, pending tasks: 0
naming_28%32, pending tasks: 0
naming_29%32, pending tasks: 0
naming_30%32, pending tasks: 0
naming_31%32, pending tasks: 0


2024-07-12 22:58:34,745 INFO DISTRO:|0|0|0|

2024-07-12 22:59:34,758 INFO PERFORMANCE:|0|0|0|-1|-1|0|0

2024-07-12 22:59:34,758 INFO Task worker status: 
naming_0%32, pending tasks: 0
naming_1%32, pending tasks: 0
naming_2%32, pending tasks: 0
naming_3%32, pending tasks: 0
naming_4%32, pending tasks: 0
naming_5%32, pending tasks: 0
naming_6%32, pending tasks: 0
naming_7%32, pending tasks: 0
naming_8%32, pending tasks: 0
naming_9%32, pending tasks: 0
naming_10%32, pending tasks: 0
naming_11%32, pending tasks: 0
naming_12%32, pending tasks: 0
naming_13%32, pending tasks: 0
naming_14%32, pending tasks: 0
naming_15%32, pending tasks: 0
naming_16%32, pending tasks: 0
naming_17%32, pending tasks: 0
naming_18%32, pending tasks: 0
naming_19%32, pending tasks: 0
naming_20%32, pending tasks: 0
naming_21%32, pending tasks: 0
naming_22%32, pending tasks: 0
naming_23%32, pending tasks: 0
naming_24%32, pending tasks: 0
naming_25%32, pending tasks: 0
naming_26%32, pending tasks: 0
naming_27%32, pending tasks: 0
naming_28%32, pending tasks: 0
naming_29%32, pending tasks: 0
naming_30%32, pending tasks: 0
naming_31%32, pending tasks: 0


2024-07-12 22:59:34,758 INFO DISTRO:|0|0|0|

2024-07-12 23:00:34,768 INFO PERFORMANCE:|0|0|0|-1|-1|0|0

2024-07-12 23:00:34,768 INFO Task worker status: 
naming_0%32, pending tasks: 0
naming_1%32, pending tasks: 0
naming_2%32, pending tasks: 0
naming_3%32, pending tasks: 0
naming_4%32, pending tasks: 0
naming_5%32, pending tasks: 0
naming_6%32, pending tasks: 0
naming_7%32, pending tasks: 0
naming_8%32, pending tasks: 0
naming_9%32, pending tasks: 0
naming_10%32, pending tasks: 0
naming_11%32, pending tasks: 0
naming_12%32, pending tasks: 0
naming_13%32, pending tasks: 0
naming_14%32, pending tasks: 0
naming_15%32, pending tasks: 0
naming_16%32, pending tasks: 0
naming_17%32, pending tasks: 0
naming_18%32, pending tasks: 0
naming_19%32, pending tasks: 0
naming_20%32, pending tasks: 0
naming_21%32, pending tasks: 0
naming_22%32, pending tasks: 0
naming_23%32, pending tasks: 0
naming_24%32, pending tasks: 0
naming_25%32, pending tasks: 0
naming_26%32, pending tasks: 0
naming_27%32, pending tasks: 0
naming_28%32, pending tasks: 0
naming_29%32, pending tasks: 0
naming_30%32, pending tasks: 0
naming_31%32, pending tasks: 0


2024-07-12 23:00:34,768 INFO DISTRO:|0|0|0|

2024-07-12 23:01:34,778 INFO PERFORMANCE:|0|0|0|-1|-1|0|0

2024-07-12 23:01:34,778 INFO Task worker status: 
naming_0%32, pending tasks: 0
naming_1%32, pending tasks: 0
naming_2%32, pending tasks: 0
naming_3%32, pending tasks: 0
naming_4%32, pending tasks: 0
naming_5%32, pending tasks: 0
naming_6%32, pending tasks: 0
naming_7%32, pending tasks: 0
naming_8%32, pending tasks: 0
naming_9%32, pending tasks: 0
naming_10%32, pending tasks: 0
naming_11%32, pending tasks: 0
naming_12%32, pending tasks: 0
naming_13%32, pending tasks: 0
naming_14%32, pending tasks: 0
naming_15%32, pending tasks: 0
naming_16%32, pending tasks: 0
naming_17%32, pending tasks: 0
naming_18%32, pending tasks: 0
naming_19%32, pending tasks: 0
naming_20%32, pending tasks: 0
naming_21%32, pending tasks: 0
naming_22%32, pending tasks: 0
naming_23%32, pending tasks: 0
naming_24%32, pending tasks: 0
naming_25%32, pending tasks: 0
naming_26%32, pending tasks: 0
naming_27%32, pending tasks: 0
naming_28%32, pending tasks: 0
naming_29%32, pending tasks: 0
naming_30%32, pending tasks: 0
naming_31%32, pending tasks: 0


2024-07-12 23:01:34,778 INFO DISTRO:|0|0|0|

2024-07-12 23:02:34,792 INFO PERFORMANCE:|0|0|0|-1|-1|0|0

2024-07-12 23:02:34,792 INFO Task worker status: 
naming_0%32, pending tasks: 0
naming_1%32, pending tasks: 0
naming_2%32, pending tasks: 0
naming_3%32, pending tasks: 0
naming_4%32, pending tasks: 0
naming_5%32, pending tasks: 0
naming_6%32, pending tasks: 0
naming_7%32, pending tasks: 0
naming_8%32, pending tasks: 0
naming_9%32, pending tasks: 0
naming_10%32, pending tasks: 0
naming_11%32, pending tasks: 0
naming_12%32, pending tasks: 0
naming_13%32, pending tasks: 0
naming_14%32, pending tasks: 0
naming_15%32, pending tasks: 0
naming_16%32, pending tasks: 0
naming_17%32, pending tasks: 0
naming_18%32, pending tasks: 0
naming_19%32, pending tasks: 0
naming_20%32, pending tasks: 0
naming_21%32, pending tasks: 0
naming_22%32, pending tasks: 0
naming_23%32, pending tasks: 0
naming_24%32, pending tasks: 0
naming_25%32, pending tasks: 0
naming_26%32, pending tasks: 0
naming_27%32, pending tasks: 0
naming_28%32, pending tasks: 0
naming_29%32, pending tasks: 0
naming_30%32, pending tasks: 0
naming_31%32, pending tasks: 0


2024-07-12 23:02:34,792 INFO DISTRO:|0|0|0|

2024-07-12 23:03:34,808 INFO PERFORMANCE:|serviceCount|ipCount|subscribeCount|maxPushCost|avgPushCost|totalPushCount|failPushCount

2024-07-12 23:03:34,808 INFO DISTRO:|V1SyncDone|V1SyncFail|V2SyncDone|V2SyncFail|V2VerifyFail|

2024-07-12 23:03:34,808 INFO PERFORMANCE:|0|0|0|-1|-1|0|0

2024-07-12 23:03:34,808 INFO Task worker status: 
naming_0%32, pending tasks: 0
naming_1%32, pending tasks: 0
naming_2%32, pending tasks: 0
naming_3%32, pending tasks: 0
naming_4%32, pending tasks: 0
naming_5%32, pending tasks: 0
naming_6%32, pending tasks: 0
naming_7%32, pending tasks: 0
naming_8%32, pending tasks: 0
naming_9%32, pending tasks: 0
naming_10%32, pending tasks: 0
naming_11%32, pending tasks: 0
naming_12%32, pending tasks: 0
naming_13%32, pending tasks: 0
naming_14%32, pending tasks: 0
naming_15%32, pending tasks: 0
naming_16%32, pending tasks: 0
naming_17%32, pending tasks: 0
naming_18%32, pending tasks: 0
naming_19%32, pending tasks: 0
naming_20%32, pending tasks: 0
naming_21%32, pending tasks: 0
naming_22%32, pending tasks: 0
naming_23%32, pending tasks: 0
naming_24%32, pending tasks: 0
naming_25%32, pending tasks: 0
naming_26%32, pending tasks: 0
naming_27%32, pending tasks: 0
naming_28%32, pending tasks: 0
naming_29%32, pending tasks: 0
naming_30%32, pending tasks: 0
naming_31%32, pending tasks: 0


2024-07-12 23:03:34,808 INFO DISTRO:|0|0|0|

2024-07-12 23:04:34,811 INFO PERFORMANCE:|0|0|0|-1|-1|0|0

2024-07-12 23:04:34,811 INFO Task worker status: 
naming_0%32, pending tasks: 0
naming_1%32, pending tasks: 0
naming_2%32, pending tasks: 0
naming_3%32, pending tasks: 0
naming_4%32, pending tasks: 0
naming_5%32, pending tasks: 0
naming_6%32, pending tasks: 0
naming_7%32, pending tasks: 0
naming_8%32, pending tasks: 0
naming_9%32, pending tasks: 0
naming_10%32, pending tasks: 0
naming_11%32, pending tasks: 0
naming_12%32, pending tasks: 0
naming_13%32, pending tasks: 0
naming_14%32, pending tasks: 0
naming_15%32, pending tasks: 0
naming_16%32, pending tasks: 0
naming_17%32, pending tasks: 0
naming_18%32, pending tasks: 0
naming_19%32, pending tasks: 0
naming_20%32, pending tasks: 0
naming_21%32, pending tasks: 0
naming_22%32, pending tasks: 0
naming_23%32, pending tasks: 0
naming_24%32, pending tasks: 0
naming_25%32, pending tasks: 0
naming_26%32, pending tasks: 0
naming_27%32, pending tasks: 0
naming_28%32, pending tasks: 0
naming_29%32, pending tasks: 0
naming_30%32, pending tasks: 0
naming_31%32, pending tasks: 0


2024-07-12 23:04:34,811 INFO DISTRO:|0|0|0|

2024-07-12 23:05:34,822 INFO PERFORMANCE:|0|0|0|-1|-1|0|0

2024-07-12 23:05:34,822 INFO Task worker status: 
naming_0%32, pending tasks: 0
naming_1%32, pending tasks: 0
naming_2%32, pending tasks: 0
naming_3%32, pending tasks: 0
naming_4%32, pending tasks: 0
naming_5%32, pending tasks: 0
naming_6%32, pending tasks: 0
naming_7%32, pending tasks: 0
naming_8%32, pending tasks: 0
naming_9%32, pending tasks: 0
naming_10%32, pending tasks: 0
naming_11%32, pending tasks: 0
naming_12%32, pending tasks: 0
naming_13%32, pending tasks: 0
naming_14%32, pending tasks: 0
naming_15%32, pending tasks: 0
naming_16%32, pending tasks: 0
naming_17%32, pending tasks: 0
naming_18%32, pending tasks: 0
naming_19%32, pending tasks: 0
naming_20%32, pending tasks: 0
naming_21%32, pending tasks: 0
naming_22%32, pending tasks: 0
naming_23%32, pending tasks: 0
naming_24%32, pending tasks: 0
naming_25%32, pending tasks: 0
naming_26%32, pending tasks: 0
naming_27%32, pending tasks: 0
naming_28%32, pending tasks: 0
naming_29%32, pending tasks: 0
naming_30%32, pending tasks: 0
naming_31%32, pending tasks: 0


2024-07-12 23:05:34,822 INFO DISTRO:|0|0|0|

2024-07-12 23:06:34,829 INFO PERFORMANCE:|0|0|0|-1|-1|0|0

2024-07-12 23:06:34,829 INFO Task worker status: 
naming_0%32, pending tasks: 0
naming_1%32, pending tasks: 0
naming_2%32, pending tasks: 0
naming_3%32, pending tasks: 0
naming_4%32, pending tasks: 0
naming_5%32, pending tasks: 0
naming_6%32, pending tasks: 0
naming_7%32, pending tasks: 0
naming_8%32, pending tasks: 0
naming_9%32, pending tasks: 0
naming_10%32, pending tasks: 0
naming_11%32, pending tasks: 0
naming_12%32, pending tasks: 0
naming_13%32, pending tasks: 0
naming_14%32, pending tasks: 0
naming_15%32, pending tasks: 0
naming_16%32, pending tasks: 0
naming_17%32, pending tasks: 0
naming_18%32, pending tasks: 0
naming_19%32, pending tasks: 0
naming_20%32, pending tasks: 0
naming_21%32, pending tasks: 0
naming_22%32, pending tasks: 0
naming_23%32, pending tasks: 0
naming_24%32, pending tasks: 0
naming_25%32, pending tasks: 0
naming_26%32, pending tasks: 0
naming_27%32, pending tasks: 0
naming_28%32, pending tasks: 0
naming_29%32, pending tasks: 0
naming_30%32, pending tasks: 0
naming_31%32, pending tasks: 0


2024-07-12 23:06:34,829 INFO DISTRO:|0|0|0|

2024-07-12 23:07:34,834 INFO PERFORMANCE:|0|0|0|-1|-1|0|0

2024-07-12 23:07:34,834 INFO Task worker status: 
naming_0%32, pending tasks: 0
naming_1%32, pending tasks: 0
naming_2%32, pending tasks: 0
naming_3%32, pending tasks: 0
naming_4%32, pending tasks: 0
naming_5%32, pending tasks: 0
naming_6%32, pending tasks: 0
naming_7%32, pending tasks: 0
naming_8%32, pending tasks: 0
naming_9%32, pending tasks: 0
naming_10%32, pending tasks: 0
naming_11%32, pending tasks: 0
naming_12%32, pending tasks: 0
naming_13%32, pending tasks: 0
naming_14%32, pending tasks: 0
naming_15%32, pending tasks: 0
naming_16%32, pending tasks: 0
naming_17%32, pending tasks: 0
naming_18%32, pending tasks: 0
naming_19%32, pending tasks: 0
naming_20%32, pending tasks: 0
naming_21%32, pending tasks: 0
naming_22%32, pending tasks: 0
naming_23%32, pending tasks: 0
naming_24%32, pending tasks: 0
naming_25%32, pending tasks: 0
naming_26%32, pending tasks: 0
naming_27%32, pending tasks: 0
naming_28%32, pending tasks: 0
naming_29%32, pending tasks: 0
naming_30%32, pending tasks: 0
naming_31%32, pending tasks: 0


2024-07-12 23:07:34,834 INFO DISTRO:|0|0|0|

2024-07-12 23:08:34,845 INFO PERFORMANCE:|0|0|0|-1|-1|0|0

2024-07-12 23:08:34,845 INFO Task worker status: 
naming_0%32, pending tasks: 0
naming_1%32, pending tasks: 0
naming_2%32, pending tasks: 0
naming_3%32, pending tasks: 0
naming_4%32, pending tasks: 0
naming_5%32, pending tasks: 0
naming_6%32, pending tasks: 0
naming_7%32, pending tasks: 0
naming_8%32, pending tasks: 0
naming_9%32, pending tasks: 0
naming_10%32, pending tasks: 0
naming_11%32, pending tasks: 0
naming_12%32, pending tasks: 0
naming_13%32, pending tasks: 0
naming_14%32, pending tasks: 0
naming_15%32, pending tasks: 0
naming_16%32, pending tasks: 0
naming_17%32, pending tasks: 0
naming_18%32, pending tasks: 0
naming_19%32, pending tasks: 0
naming_20%32, pending tasks: 0
naming_21%32, pending tasks: 0
naming_22%32, pending tasks: 0
naming_23%32, pending tasks: 0
naming_24%32, pending tasks: 0
naming_25%32, pending tasks: 0
naming_26%32, pending tasks: 0
naming_27%32, pending tasks: 0
naming_28%32, pending tasks: 0
naming_29%32, pending tasks: 0
naming_30%32, pending tasks: 0
naming_31%32, pending tasks: 0


2024-07-12 23:08:34,845 INFO DISTRO:|0|0|0|

2024-07-12 23:09:34,849 INFO PERFORMANCE:|0|0|0|-1|-1|0|0

2024-07-12 23:09:34,849 INFO Task worker status: 
naming_0%32, pending tasks: 0
naming_1%32, pending tasks: 0
naming_2%32, pending tasks: 0
naming_3%32, pending tasks: 0
naming_4%32, pending tasks: 0
naming_5%32, pending tasks: 0
naming_6%32, pending tasks: 0
naming_7%32, pending tasks: 0
naming_8%32, pending tasks: 0
naming_9%32, pending tasks: 0
naming_10%32, pending tasks: 0
naming_11%32, pending tasks: 0
naming_12%32, pending tasks: 0
naming_13%32, pending tasks: 0
naming_14%32, pending tasks: 0
naming_15%32, pending tasks: 0
naming_16%32, pending tasks: 0
naming_17%32, pending tasks: 0
naming_18%32, pending tasks: 0
naming_19%32, pending tasks: 0
naming_20%32, pending tasks: 0
naming_21%32, pending tasks: 0
naming_22%32, pending tasks: 0
naming_23%32, pending tasks: 0
naming_24%32, pending tasks: 0
naming_25%32, pending tasks: 0
naming_26%32, pending tasks: 0
naming_27%32, pending tasks: 0
naming_28%32, pending tasks: 0
naming_29%32, pending tasks: 0
naming_30%32, pending tasks: 0
naming_31%32, pending tasks: 0


2024-07-12 23:09:34,849 INFO DISTRO:|0|0|0|

2024-07-12 23:10:34,853 INFO PERFORMANCE:|0|0|0|-1|-1|0|0

2024-07-12 23:10:34,853 INFO Task worker status: 
naming_0%32, pending tasks: 0
naming_1%32, pending tasks: 0
naming_2%32, pending tasks: 0
naming_3%32, pending tasks: 0
naming_4%32, pending tasks: 0
naming_5%32, pending tasks: 0
naming_6%32, pending tasks: 0
naming_7%32, pending tasks: 0
naming_8%32, pending tasks: 0
naming_9%32, pending tasks: 0
naming_10%32, pending tasks: 0
naming_11%32, pending tasks: 0
naming_12%32, pending tasks: 0
naming_13%32, pending tasks: 0
naming_14%32, pending tasks: 0
naming_15%32, pending tasks: 0
naming_16%32, pending tasks: 0
naming_17%32, pending tasks: 0
naming_18%32, pending tasks: 0
naming_19%32, pending tasks: 0
naming_20%32, pending tasks: 0
naming_21%32, pending tasks: 0
naming_22%32, pending tasks: 0
naming_23%32, pending tasks: 0
naming_24%32, pending tasks: 0
naming_25%32, pending tasks: 0
naming_26%32, pending tasks: 0
naming_27%32, pending tasks: 0
naming_28%32, pending tasks: 0
naming_29%32, pending tasks: 0
naming_30%32, pending tasks: 0
naming_31%32, pending tasks: 0


2024-07-12 23:10:34,853 INFO DISTRO:|0|0|0|

2024-07-12 23:11:34,854 INFO PERFORMANCE:|0|0|0|-1|-1|0|0

2024-07-12 23:11:34,854 INFO Task worker status: 
naming_0%32, pending tasks: 0
naming_1%32, pending tasks: 0
naming_2%32, pending tasks: 0
naming_3%32, pending tasks: 0
naming_4%32, pending tasks: 0
naming_5%32, pending tasks: 0
naming_6%32, pending tasks: 0
naming_7%32, pending tasks: 0
naming_8%32, pending tasks: 0
naming_9%32, pending tasks: 0
naming_10%32, pending tasks: 0
naming_11%32, pending tasks: 0
naming_12%32, pending tasks: 0
naming_13%32, pending tasks: 0
naming_14%32, pending tasks: 0
naming_15%32, pending tasks: 0
naming_16%32, pending tasks: 0
naming_17%32, pending tasks: 0
naming_18%32, pending tasks: 0
naming_19%32, pending tasks: 0
naming_20%32, pending tasks: 0
naming_21%32, pending tasks: 0
naming_22%32, pending tasks: 0
naming_23%32, pending tasks: 0
naming_24%32, pending tasks: 0
naming_25%32, pending tasks: 0
naming_26%32, pending tasks: 0
naming_27%32, pending tasks: 0
naming_28%32, pending tasks: 0
naming_29%32, pending tasks: 0
naming_30%32, pending tasks: 0
naming_31%32, pending tasks: 0


2024-07-12 23:11:34,854 INFO DISTRO:|0|0|0|

2024-07-12 23:12:34,859 INFO PERFORMANCE:|0|0|0|-1|-1|0|0

2024-07-12 23:12:34,859 INFO Task worker status: 
naming_0%32, pending tasks: 0
naming_1%32, pending tasks: 0
naming_2%32, pending tasks: 0
naming_3%32, pending tasks: 0
naming_4%32, pending tasks: 0
naming_5%32, pending tasks: 0
naming_6%32, pending tasks: 0
naming_7%32, pending tasks: 0
naming_8%32, pending tasks: 0
naming_9%32, pending tasks: 0
naming_10%32, pending tasks: 0
naming_11%32, pending tasks: 0
naming_12%32, pending tasks: 0
naming_13%32, pending tasks: 0
naming_14%32, pending tasks: 0
naming_15%32, pending tasks: 0
naming_16%32, pending tasks: 0
naming_17%32, pending tasks: 0
naming_18%32, pending tasks: 0
naming_19%32, pending tasks: 0
naming_20%32, pending tasks: 0
naming_21%32, pending tasks: 0
naming_22%32, pending tasks: 0
naming_23%32, pending tasks: 0
naming_24%32, pending tasks: 0
naming_25%32, pending tasks: 0
naming_26%32, pending tasks: 0
naming_27%32, pending tasks: 0
naming_28%32, pending tasks: 0
naming_29%32, pending tasks: 0
naming_30%32, pending tasks: 0
naming_31%32, pending tasks: 0


2024-07-12 23:12:34,859 INFO DISTRO:|0|0|0|

2024-07-12 23:13:34,864 INFO PERFORMANCE:|serviceCount|ipCount|subscribeCount|maxPushCost|avgPushCost|totalPushCount|failPushCount

2024-07-12 23:13:34,864 INFO DISTRO:|V1SyncDone|V1SyncFail|V2SyncDone|V2SyncFail|V2VerifyFail|

2024-07-12 23:13:34,864 INFO PERFORMANCE:|0|0|0|-1|-1|0|0

2024-07-12 23:13:34,864 INFO Task worker status: 
naming_0%32, pending tasks: 0
naming_1%32, pending tasks: 0
naming_2%32, pending tasks: 0
naming_3%32, pending tasks: 0
naming_4%32, pending tasks: 0
naming_5%32, pending tasks: 0
naming_6%32, pending tasks: 0
naming_7%32, pending tasks: 0
naming_8%32, pending tasks: 0
naming_9%32, pending tasks: 0
naming_10%32, pending tasks: 0
naming_11%32, pending tasks: 0
naming_12%32, pending tasks: 0
naming_13%32, pending tasks: 0
naming_14%32, pending tasks: 0
naming_15%32, pending tasks: 0
naming_16%32, pending tasks: 0
naming_17%32, pending tasks: 0
naming_18%32, pending tasks: 0
naming_19%32, pending tasks: 0
naming_20%32, pending tasks: 0
naming_21%32, pending tasks: 0
naming_22%32, pending tasks: 0
naming_23%32, pending tasks: 0
naming_24%32, pending tasks: 0
naming_25%32, pending tasks: 0
naming_26%32, pending tasks: 0
naming_27%32, pending tasks: 0
naming_28%32, pending tasks: 0
naming_29%32, pending tasks: 0
naming_30%32, pending tasks: 0
naming_31%32, pending tasks: 0


2024-07-12 23:13:34,864 INFO DISTRO:|0|0|0|

2024-07-12 23:14:34,865 INFO PERFORMANCE:|0|0|0|-1|-1|0|0

2024-07-12 23:14:34,865 INFO Task worker status: 
naming_0%32, pending tasks: 0
naming_1%32, pending tasks: 0
naming_2%32, pending tasks: 0
naming_3%32, pending tasks: 0
naming_4%32, pending tasks: 0
naming_5%32, pending tasks: 0
naming_6%32, pending tasks: 0
naming_7%32, pending tasks: 0
naming_8%32, pending tasks: 0
naming_9%32, pending tasks: 0
naming_10%32, pending tasks: 0
naming_11%32, pending tasks: 0
naming_12%32, pending tasks: 0
naming_13%32, pending tasks: 0
naming_14%32, pending tasks: 0
naming_15%32, pending tasks: 0
naming_16%32, pending tasks: 0
naming_17%32, pending tasks: 0
naming_18%32, pending tasks: 0
naming_19%32, pending tasks: 0
naming_20%32, pending tasks: 0
naming_21%32, pending tasks: 0
naming_22%32, pending tasks: 0
naming_23%32, pending tasks: 0
naming_24%32, pending tasks: 0
naming_25%32, pending tasks: 0
naming_26%32, pending tasks: 0
naming_27%32, pending tasks: 0
naming_28%32, pending tasks: 0
naming_29%32, pending tasks: 0
naming_30%32, pending tasks: 0
naming_31%32, pending tasks: 0


2024-07-12 23:14:34,865 INFO DISTRO:|0|0|0|

2024-07-12 23:15:34,872 INFO PERFORMANCE:|0|0|0|-1|-1|0|0

2024-07-12 23:15:34,872 INFO Task worker status: 
naming_0%32, pending tasks: 0
naming_1%32, pending tasks: 0
naming_2%32, pending tasks: 0
naming_3%32, pending tasks: 0
naming_4%32, pending tasks: 0
naming_5%32, pending tasks: 0
naming_6%32, pending tasks: 0
naming_7%32, pending tasks: 0
naming_8%32, pending tasks: 0
naming_9%32, pending tasks: 0
naming_10%32, pending tasks: 0
naming_11%32, pending tasks: 0
naming_12%32, pending tasks: 0
naming_13%32, pending tasks: 0
naming_14%32, pending tasks: 0
naming_15%32, pending tasks: 0
naming_16%32, pending tasks: 0
naming_17%32, pending tasks: 0
naming_18%32, pending tasks: 0
naming_19%32, pending tasks: 0
naming_20%32, pending tasks: 0
naming_21%32, pending tasks: 0
naming_22%32, pending tasks: 0
naming_23%32, pending tasks: 0
naming_24%32, pending tasks: 0
naming_25%32, pending tasks: 0
naming_26%32, pending tasks: 0
naming_27%32, pending tasks: 0
naming_28%32, pending tasks: 0
naming_29%32, pending tasks: 0
naming_30%32, pending tasks: 0
naming_31%32, pending tasks: 0


2024-07-12 23:15:34,872 INFO DISTRO:|0|0|0|

2024-07-12 23:16:34,876 INFO PERFORMANCE:|0|0|0|-1|-1|0|0

2024-07-12 23:16:34,876 INFO Task worker status: 
naming_0%32, pending tasks: 0
naming_1%32, pending tasks: 0
naming_2%32, pending tasks: 0
naming_3%32, pending tasks: 0
naming_4%32, pending tasks: 0
naming_5%32, pending tasks: 0
naming_6%32, pending tasks: 0
naming_7%32, pending tasks: 0
naming_8%32, pending tasks: 0
naming_9%32, pending tasks: 0
naming_10%32, pending tasks: 0
naming_11%32, pending tasks: 0
naming_12%32, pending tasks: 0
naming_13%32, pending tasks: 0
naming_14%32, pending tasks: 0
naming_15%32, pending tasks: 0
naming_16%32, pending tasks: 0
naming_17%32, pending tasks: 0
naming_18%32, pending tasks: 0
naming_19%32, pending tasks: 0
naming_20%32, pending tasks: 0
naming_21%32, pending tasks: 0
naming_22%32, pending tasks: 0
naming_23%32, pending tasks: 0
naming_24%32, pending tasks: 0
naming_25%32, pending tasks: 0
naming_26%32, pending tasks: 0
naming_27%32, pending tasks: 0
naming_28%32, pending tasks: 0
naming_29%32, pending tasks: 0
naming_30%32, pending tasks: 0
naming_31%32, pending tasks: 0


2024-07-12 23:16:34,876 INFO DISTRO:|0|0|0|

2024-07-12 23:17:34,890 INFO PERFORMANCE:|0|0|0|-1|-1|0|0

2024-07-12 23:17:34,890 INFO Task worker status: 
naming_0%32, pending tasks: 0
naming_1%32, pending tasks: 0
naming_2%32, pending tasks: 0
naming_3%32, pending tasks: 0
naming_4%32, pending tasks: 0
naming_5%32, pending tasks: 0
naming_6%32, pending tasks: 0
naming_7%32, pending tasks: 0
naming_8%32, pending tasks: 0
naming_9%32, pending tasks: 0
naming_10%32, pending tasks: 0
naming_11%32, pending tasks: 0
naming_12%32, pending tasks: 0
naming_13%32, pending tasks: 0
naming_14%32, pending tasks: 0
naming_15%32, pending tasks: 0
naming_16%32, pending tasks: 0
naming_17%32, pending tasks: 0
naming_18%32, pending tasks: 0
naming_19%32, pending tasks: 0
naming_20%32, pending tasks: 0
naming_21%32, pending tasks: 0
naming_22%32, pending tasks: 0
naming_23%32, pending tasks: 0
naming_24%32, pending tasks: 0
naming_25%32, pending tasks: 0
naming_26%32, pending tasks: 0
naming_27%32, pending tasks: 0
naming_28%32, pending tasks: 0
naming_29%32, pending tasks: 0
naming_30%32, pending tasks: 0
naming_31%32, pending tasks: 0


2024-07-12 23:17:34,890 INFO DISTRO:|0|0|0|

2024-07-12 23:18:34,899 INFO PERFORMANCE:|0|0|0|-1|-1|0|0

2024-07-12 23:18:34,899 INFO Task worker status: 
naming_0%32, pending tasks: 0
naming_1%32, pending tasks: 0
naming_2%32, pending tasks: 0
naming_3%32, pending tasks: 0
naming_4%32, pending tasks: 0
naming_5%32, pending tasks: 0
naming_6%32, pending tasks: 0
naming_7%32, pending tasks: 0
naming_8%32, pending tasks: 0
naming_9%32, pending tasks: 0
naming_10%32, pending tasks: 0
naming_11%32, pending tasks: 0
naming_12%32, pending tasks: 0
naming_13%32, pending tasks: 0
naming_14%32, pending tasks: 0
naming_15%32, pending tasks: 0
naming_16%32, pending tasks: 0
naming_17%32, pending tasks: 0
naming_18%32, pending tasks: 0
naming_19%32, pending tasks: 0
naming_20%32, pending tasks: 0
naming_21%32, pending tasks: 0
naming_22%32, pending tasks: 0
naming_23%32, pending tasks: 0
naming_24%32, pending tasks: 0
naming_25%32, pending tasks: 0
naming_26%32, pending tasks: 0
naming_27%32, pending tasks: 0
naming_28%32, pending tasks: 0
naming_29%32, pending tasks: 0
naming_30%32, pending tasks: 0
naming_31%32, pending tasks: 0


2024-07-12 23:18:34,899 INFO DISTRO:|0|0|0|

